2015-03-02 10:25:48,845 [Worker-0] INFO  o.e.m.c.i.l.LifecycleMappingFactory - Using org.eclipse.m2e.jdt.JarLifecycleMapping lifecycle mapping for MavenProject: uk.co.mifos:testing-framework:1.0.0 @ C:\Mifos Automation 28.01.15\Mifos_Final\MifosTestingFramework\pom.xml.
2015-03-02 10:25:55,444 [Worker-0] WARN  o.e.m.c.i.embedder.EclipseLogger - Using platform encoding (Cp1252 actually) to copy filtered resources, i.e. build is platform dependent!
2015-03-02 10:25:55,452 [Worker-0] INFO  o.e.m.c.i.embedder.EclipseLogger - skip non existing resourceDirectory C:\Mifos Automation 28.01.15\Mifos_Final\MifosTestingFramework\src\main\resources
2015-03-02 10:25:55,456 [Worker-0] WARN  o.e.m.c.i.embedder.EclipseLogger - Using platform encoding (Cp1252 actually) to copy filtered resources, i.e. build is platform dependent!
2015-03-02 10:25:55,460 [Worker-0] INFO  o.e.m.c.i.embedder.EclipseLogger - skip non existing resourceDirectory C:\Mifos Automation 28.01.15\Mifos_Final\MifosTestingFramework\src\test\resources
2015-03-02 10:25:56,031 [Worker-7] INFO  o.e.m.c.i.l.LifecycleMappingFactory - Using org.eclipse.m2e.jdt.JarLifecycleMapping lifecycle mapping for MavenProject: uk.co.mifos:mifos-testing:1.0.0 @ C:\Mifos Automation 28.01.15\Mifos_Final\MifosTestAutomation\pom.xml.
2015-03-02 10:25:57,472 [Worker-0] INFO  o.e.m.c.i.l.LifecycleMappingFactory - Using org.eclipse.m2e.jdt.JarLifecycleMapping lifecycle mapping for MavenProject: uk.co.mifos:mifos-testing:1.0.0 @ C:\Mifos Automation 28.01.15\Mifos_Final\MifosTestAutomation\pom.xml.
2015-03-02 10:26:05,084 [Worker-0] INFO  o.e.m.c.i.embedder.EclipseLogger - Using 'UTF-8' encoding to copy filtered resources.
2015-03-02 10:26:05,085 [Worker-0] INFO  o.e.m.c.i.embedder.EclipseLogger - skip non existing resourceDirectory C:\Mifos Automation 28.01.15\Mifos_Final\MifosTestAutomation\src\main\resources
2015-03-02 10:26:05,088 [Worker-0] INFO  o.e.m.c.i.embedder.EclipseLogger - Using 'UTF-8' encoding to copy filtered resources.
2015-03-02 10:26:05,105 [Worker-0] INFO  o.e.m.c.i.embedder.EclipseLogger - Copying 4 resources
2015-03-02 10:26:06,880 [Worker-13] INFO  o.e.m.c.i.l.LifecycleMappingFactory - Using org.eclipse.m2e.jdt.JarLifecycleMapping lifecycle mapping for MavenProject: uk.co.mifos:mifos-testing:1.0.0 @ C:\Mifos Automation 28.01.15\Mifos_Final\MifosTestAutomation\pom.xml.
2015-03-02 10:26:12,620 [Worker-13] INFO  o.e.m.c.i.l.LifecycleMappingFactory - Using org.eclipse.m2e.jdt.JarLifecycleMapping lifecycle mapping for MavenProject: uk.co.mifos:testing-framework:1.0.0 @ C:\Mifos Automation 28.01.15\Mifos_Final\MifosTestingFramework\pom.xml.
2015-03-02 10:26:34,291 [Worker-5] WARN  o.e.m.c.i.embedder.EclipseLogger - Using platform encoding (Cp1252 actually) to copy filtered resources, i.e. build is platform dependent!
2015-03-02 10:26:34,291 [Worker-5] INFO  o.e.m.c.i.embedder.EclipseLogger - skip non existing resourceDirectory C:\Mifos Automation 28.01.15\Mifos_Final\MifosTestingFramework\src\main\resources
2015-03-02 10:26:34,295 [Worker-5] WARN  o.e.m.c.i.embedder.EclipseLogger - Using platform encoding (Cp1252 actually) to copy filtered resources, i.e. build is platform dependent!
2015-03-02 10:26:34,295 [Worker-5] INFO  o.e.m.c.i.embedder.EclipseLogger - skip non existing resourceDirectory C:\Mifos Automation 28.01.15\Mifos_Final\MifosTestingFramework\src\test\resources
2015-03-02 10:26:37,236 [Worker-5] INFO  o.e.m.c.i.embedder.EclipseLogger - Using 'UTF-8' encoding to copy filtered resources.
2015-03-02 10:26:37,236 [Worker-5] INFO  o.e.m.c.i.embedder.EclipseLogger - skip non existing resourceDirectory C:\Mifos Automation 28.01.15\Mifos_Final\MifosTestAutomation\src\main\resources
2015-03-02 10:26:37,236 [Worker-5] INFO  o.e.m.c.i.embedder.EclipseLogger - Using 'UTF-8' encoding to copy filtered resources.
2015-03-02 10:26:37,248 [Worker-5] INFO  o.e.m.c.i.embedder.EclipseLogger - Copying 4 resources
