2015-01-31 13:39:36,697 [Worker-4] INFO  o.e.m.c.i.l.LifecycleMappingFactory - Using org.eclipse.m2e.jdt.JarLifecycleMapping lifecycle mapping for MavenProject: uk.co.mifos:mifos-testing:1.0.0 @ C:\Mifos Automation 28.01.15\MifosTestAutomation\pom.xml.
2015-01-31 13:39:38,757 [Worker-1] INFO  o.e.m.c.i.l.LifecycleMappingFactory - Using org.eclipse.m2e.jdt.JarLifecycleMapping lifecycle mapping for MavenProject: uk.co.mifos:mifos-testing:1.0.0 @ C:\Mifos Automation 28.01.15\MifosTestAutomation\pom.xml.
2015-01-31 13:39:59,197 [Worker-2] INFO  o.e.m.c.i.l.LifecycleMappingFactory - Using org.eclipse.m2e.jdt.JarLifecycleMapping lifecycle mapping for MavenProject: uk.co.mifos:mifos-testing:1.0.0 @ C:\Mifos Automation 28.01.15\MifosTestAutomation\pom.xml.
2015-01-31 13:39:59,261 [Worker-1] INFO  o.e.m.c.i.embedder.EclipseLogger - Using 'UTF-8' encoding to copy filtered resources.
2015-01-31 13:39:59,265 [Worker-1] INFO  o.e.m.c.i.embedder.EclipseLogger - skip non existing resourceDirectory C:\Mifos Automation 28.01.15\MifosTestAutomation\src\main\resources
2015-01-31 13:39:59,271 [Worker-1] INFO  o.e.m.c.i.embedder.EclipseLogger - Using 'UTF-8' encoding to copy filtered resources.
2015-01-31 13:39:59,307 [Worker-1] INFO  o.e.m.c.i.embedder.EclipseLogger - Copying 4 resources
2015-01-31 13:40:04,407 [Worker-2] INFO  o.e.m.c.i.l.LifecycleMappingFactory - Using org.eclipse.m2e.jdt.JarLifecycleMapping lifecycle mapping for MavenProject: uk.co.mifos:testing-framework:1.0.0 @ C:\Mifos Automation 28.01.15\MifosTestingFramework\pom.xml.
2015-01-31 13:40:07,818 [Worker-3] INFO  o.e.m.c.i.l.LifecycleMappingFactory - Using org.eclipse.m2e.jdt.JarLifecycleMapping lifecycle mapping for MavenProject: uk.co.mifos:testing-framework:1.0.0 @ C:\Mifos Automation 28.01.15\MifosTestingFramework\pom.xml.
2015-01-31 13:40:11,315 [Worker-3] INFO  o.e.m.c.i.l.LifecycleMappingFactory - Using org.eclipse.m2e.jdt.JarLifecycleMapping lifecycle mapping for MavenProject: uk.co.mifos:mifos-testing:1.0.0 @ C:\Mifos Automation 28.01.15\MifosTestAutomation\pom.xml.
2015-01-31 13:40:14,871 [Worker-9] INFO  o.e.m.c.i.l.LifecycleMappingFactory - Using org.eclipse.m2e.jdt.JarLifecycleMapping lifecycle mapping for MavenProject: uk.co.mifos:mifos-testing:1.0.0 @ C:\Mifos Automation 28.01.15\MifosTestAutomation\pom.xml.
2015-01-31 13:40:19,904 [Worker-9] INFO  o.e.m.c.i.l.LifecycleMappingFactory - Using org.eclipse.m2e.jdt.JarLifecycleMapping lifecycle mapping for MavenProject: uk.co.mifos:testing-framework:1.0.0 @ C:\Mifos Automation 28.01.15\MifosTestingFramework\pom.xml.
2015-01-31 13:40:28,902 [Worker-1] WARN  o.e.m.c.i.embedder.EclipseLogger - Using platform encoding (Cp1252 actually) to copy filtered resources, i.e. build is platform dependent!
2015-01-31 13:40:28,904 [Worker-1] INFO  o.e.m.c.i.embedder.EclipseLogger - skip non existing resourceDirectory C:\Mifos Automation 28.01.15\MifosTestingFramework\src\main\resources
2015-01-31 13:40:28,907 [Worker-1] WARN  o.e.m.c.i.embedder.EclipseLogger - Using platform encoding (Cp1252 actually) to copy filtered resources, i.e. build is platform dependent!
2015-01-31 13:40:28,909 [Worker-1] INFO  o.e.m.c.i.embedder.EclipseLogger - skip non existing resourceDirectory C:\Mifos Automation 28.01.15\MifosTestingFramework\src\test\resources
2015-01-31 13:40:32,103 [Worker-1] INFO  o.e.m.c.i.embedder.EclipseLogger - Using 'UTF-8' encoding to copy filtered resources.
2015-01-31 13:40:32,104 [Worker-1] INFO  o.e.m.c.i.embedder.EclipseLogger - skip non existing resourceDirectory C:\Mifos Automation 28.01.15\MifosTestAutomation\src\main\resources
2015-01-31 13:40:32,106 [Worker-1] INFO  o.e.m.c.i.embedder.EclipseLogger - Using 'UTF-8' encoding to copy filtered resources.
2015-01-31 13:40:32,108 [Worker-1] INFO  o.e.m.c.i.embedder.EclipseLogger - Copying 4 resources
2015-01-31 13:40:35,213 [Worker-6] WARN  o.e.m.c.i.embedder.EclipseLogger - Using platform encoding (Cp1252 actually) to copy filtered resources, i.e. build is platform dependent!
2015-01-31 13:40:35,216 [Worker-6] INFO  o.e.m.c.i.embedder.EclipseLogger - skip non existing resourceDirectory C:\Mifos Automation 28.01.15\MifosTestingFramework\src\main\resources
2015-01-31 13:40:35,219 [Worker-6] WARN  o.e.m.c.i.embedder.EclipseLogger - Using platform encoding (Cp1252 actually) to copy filtered resources, i.e. build is platform dependent!
2015-01-31 13:40:35,221 [Worker-6] INFO  o.e.m.c.i.embedder.EclipseLogger - skip non existing resourceDirectory C:\Mifos Automation 28.01.15\MifosTestingFramework\src\test\resources
2015-01-31 13:40:38,021 [Worker-6] INFO  o.e.m.c.i.embedder.EclipseLogger - Using 'UTF-8' encoding to copy filtered resources.
2015-01-31 13:40:38,021 [Worker-6] INFO  o.e.m.c.i.embedder.EclipseLogger - skip non existing resourceDirectory C:\Mifos Automation 28.01.15\MifosTestAutomation\src\main\resources
2015-01-31 13:40:38,023 [Worker-6] INFO  o.e.m.c.i.embedder.EclipseLogger - Using 'UTF-8' encoding to copy filtered resources.
2015-01-31 13:40:38,027 [Worker-6] INFO  o.e.m.c.i.embedder.EclipseLogger - Copying 0 resource
2015-01-31 13:42:21,070 [Worker-1] INFO  o.e.m.c.i.embedder.EclipseLogger - Using 'UTF-8' encoding to copy filtered resources.
2015-01-31 13:42:21,071 [Worker-1] INFO  o.e.m.c.i.embedder.EclipseLogger - skip non existing resourceDirectory C:\Mifos Automation 28.01.15\MifosTestAutomation\src\main\resources
2015-01-31 13:42:21,073 [Worker-1] INFO  o.e.m.c.i.embedder.EclipseLogger - Using 'UTF-8' encoding to copy filtered resources.
2015-01-31 13:42:21,075 [Worker-1] INFO  o.e.m.c.i.embedder.EclipseLogger - Copying 1 resource
2015-01-31 13:45:18,870 [Worker-9] INFO  o.e.m.c.i.embedder.EclipseLogger - Using 'UTF-8' encoding to copy filtered resources.
2015-01-31 13:45:18,871 [Worker-9] INFO  o.e.m.c.i.embedder.EclipseLogger - skip non existing resourceDirectory C:\Mifos Automation 28.01.15\MifosTestAutomation\src\main\resources
2015-01-31 13:45:18,874 [Worker-9] INFO  o.e.m.c.i.embedder.EclipseLogger - Using 'UTF-8' encoding to copy filtered resources.
2015-01-31 13:45:18,876 [Worker-9] INFO  o.e.m.c.i.embedder.EclipseLogger - Copying 1 resource
2015-01-31 13:48:05,614 [Worker-2] INFO  o.e.m.c.i.embedder.EclipseLogger - Using 'UTF-8' encoding to copy filtered resources.
2015-01-31 13:48:05,615 [Worker-2] INFO  o.e.m.c.i.embedder.EclipseLogger - skip non existing resourceDirectory C:\Mifos Automation 28.01.15\MifosTestAutomation\src\main\resources
2015-01-31 13:48:05,620 [Worker-2] INFO  o.e.m.c.i.embedder.EclipseLogger - Using 'UTF-8' encoding to copy filtered resources.
2015-01-31 13:48:05,621 [Worker-2] INFO  o.e.m.c.i.embedder.EclipseLogger - Copying 1 resource
2015-01-31 13:48:10,772 [Worker-10] INFO  o.e.m.c.i.embedder.EclipseLogger - Using 'UTF-8' encoding to copy filtered resources.
2015-01-31 13:48:10,772 [Worker-10] INFO  o.e.m.c.i.embedder.EclipseLogger - skip non existing resourceDirectory C:\Mifos Automation 28.01.15\MifosTestAutomation\src\main\resources
2015-01-31 13:48:10,774 [Worker-10] INFO  o.e.m.c.i.embedder.EclipseLogger - Using 'UTF-8' encoding to copy filtered resources.
2015-01-31 13:48:10,775 [Worker-10] INFO  o.e.m.c.i.embedder.EclipseLogger - Copying 1 resource
2015-01-31 13:50:45,972 [Worker-8] INFO  o.e.m.c.i.embedder.EclipseLogger - Using 'UTF-8' encoding to copy filtered resources.
2015-01-31 13:50:45,980 [Worker-8] INFO  o.e.m.c.i.embedder.EclipseLogger - skip non existing resourceDirectory C:\Mifos Automation 28.01.15\MifosTestAutomation\src\main\resources
2015-01-31 13:50:45,985 [Worker-8] INFO  o.e.m.c.i.embedder.EclipseLogger - Using 'UTF-8' encoding to copy filtered resources.
2015-01-31 13:50:45,994 [Worker-8] INFO  o.e.m.c.i.embedder.EclipseLogger - Copying 4 resources
2015-02-02 11:19:32,787 [Worker-1] WARN  o.e.m.c.i.embedder.EclipseLogger - Using platform encoding (Cp1252 actually) to copy filtered resources, i.e. build is platform dependent!
2015-02-02 11:19:32,810 [Worker-1] INFO  o.e.m.c.i.embedder.EclipseLogger - skip non existing resourceDirectory C:\Mifos Automation 28.01.15\MifosTestingFramework\src\main\resources
2015-02-02 11:19:32,815 [Worker-1] WARN  o.e.m.c.i.embedder.EclipseLogger - Using platform encoding (Cp1252 actually) to copy filtered resources, i.e. build is platform dependent!
2015-02-02 11:19:32,818 [Worker-1] INFO  o.e.m.c.i.embedder.EclipseLogger - skip non existing resourceDirectory C:\Mifos Automation 28.01.15\MifosTestingFramework\src\test\resources
2015-02-02 11:19:41,310 [Worker-8] INFO  o.e.m.c.i.embedder.EclipseLogger - Using 'UTF-8' encoding to copy filtered resources.
2015-02-02 11:19:41,310 [Worker-8] INFO  o.e.m.c.i.embedder.EclipseLogger - skip non existing resourceDirectory C:\Mifos Automation 28.01.15\MifosTestAutomation\src\main\resources
2015-02-02 11:19:41,312 [Worker-8] INFO  o.e.m.c.i.embedder.EclipseLogger - Using 'UTF-8' encoding to copy filtered resources.
2015-02-02 11:19:41,329 [Worker-8] INFO  o.e.m.c.i.embedder.EclipseLogger - Copying 4 resources
2015-02-02 11:22:31,814 [Worker-2] INFO  o.e.m.c.i.embedder.EclipseLogger - Using 'UTF-8' encoding to copy filtered resources.
2015-02-02 11:22:31,815 [Worker-2] INFO  o.e.m.c.i.embedder.EclipseLogger - skip non existing resourceDirectory C:\Mifos Automation 28.01.15\MifosTestAutomation\src\main\resources
2015-02-02 11:22:31,819 [Worker-2] INFO  o.e.m.c.i.embedder.EclipseLogger - Using 'UTF-8' encoding to copy filtered resources.
2015-02-02 11:22:31,841 [Worker-2] INFO  o.e.m.c.i.embedder.EclipseLogger - Copying 4 resources
2015-02-02 11:24:47,027 [Worker-1] INFO  o.e.m.c.i.embedder.EclipseLogger - Using 'UTF-8' encoding to copy filtered resources.
2015-02-02 11:24:47,027 [Worker-1] INFO  o.e.m.c.i.embedder.EclipseLogger - skip non existing resourceDirectory C:\Mifos Automation 28.01.15\MifosTestAutomation\src\main\resources
2015-02-02 11:24:47,029 [Worker-1] INFO  o.e.m.c.i.embedder.EclipseLogger - Using 'UTF-8' encoding to copy filtered resources.
2015-02-02 11:24:47,034 [Worker-1] INFO  o.e.m.c.i.embedder.EclipseLogger - Copying 1 resource
2015-02-02 11:27:03,132 [Worker-8] INFO  o.e.m.c.i.embedder.EclipseLogger - Using 'UTF-8' encoding to copy filtered resources.
2015-02-02 11:27:03,132 [Worker-8] INFO  o.e.m.c.i.embedder.EclipseLogger - skip non existing resourceDirectory C:\Mifos Automation 28.01.15\MifosTestAutomation\src\main\resources
2015-02-02 11:27:03,134 [Worker-8] INFO  o.e.m.c.i.embedder.EclipseLogger - Using 'UTF-8' encoding to copy filtered resources.
2015-02-02 11:27:03,135 [Worker-8] INFO  o.e.m.c.i.embedder.EclipseLogger - Copying 1 resource
2015-02-02 11:28:48,736 [Worker-8] INFO  o.e.m.c.i.embedder.EclipseLogger - Using 'UTF-8' encoding to copy filtered resources.
2015-02-02 11:28:48,737 [Worker-8] INFO  o.e.m.c.i.embedder.EclipseLogger - skip non existing resourceDirectory C:\Mifos Automation 28.01.15\MifosTestAutomation\src\main\resources
2015-02-02 11:28:48,739 [Worker-8] INFO  o.e.m.c.i.embedder.EclipseLogger - Using 'UTF-8' encoding to copy filtered resources.
2015-02-02 11:28:48,740 [Worker-8] INFO  o.e.m.c.i.embedder.EclipseLogger - Copying 1 resource
2015-02-02 11:32:07,287 [Worker-12] INFO  o.e.m.c.i.embedder.EclipseLogger - Using 'UTF-8' encoding to copy filtered resources.
2015-02-02 11:32:07,288 [Worker-12] INFO  o.e.m.c.i.embedder.EclipseLogger - skip non existing resourceDirectory C:\Mifos Automation 28.01.15\MifosTestAutomation\src\main\resources
2015-02-02 11:32:07,290 [Worker-12] INFO  o.e.m.c.i.embedder.EclipseLogger - Using 'UTF-8' encoding to copy filtered resources.
2015-02-02 11:32:07,291 [Worker-12] INFO  o.e.m.c.i.embedder.EclipseLogger - Copying 1 resource
2015-02-04 10:13:31,939 [Worker-29] INFO  o.e.m.c.i.embedder.EclipseLogger - Using 'UTF-8' encoding to copy filtered resources.
2015-02-04 10:13:31,955 [Worker-29] INFO  o.e.m.c.i.embedder.EclipseLogger - skip non existing resourceDirectory C:\Mifos Automation 28.01.15\MifosTestAutomation\src\main\resources
2015-02-04 10:13:31,955 [Worker-29] INFO  o.e.m.c.i.embedder.EclipseLogger - Using 'UTF-8' encoding to copy filtered resources.
2015-02-04 10:13:31,970 [Worker-29] INFO  o.e.m.c.i.embedder.EclipseLogger - Copying 4 resources
2015-02-04 10:13:50,199 [Worker-30] INFO  o.e.m.c.i.embedder.EclipseLogger - Using 'UTF-8' encoding to copy filtered resources.
2015-02-04 10:13:50,199 [Worker-30] INFO  o.e.m.c.i.embedder.EclipseLogger - skip non existing resourceDirectory C:\Mifos Automation 28.01.15\MifosTestAutomation\src\main\resources
2015-02-04 10:13:50,199 [Worker-30] INFO  o.e.m.c.i.embedder.EclipseLogger - Using 'UTF-8' encoding to copy filtered resources.
2015-02-04 10:13:50,215 [Worker-30] INFO  o.e.m.c.i.embedder.EclipseLogger - Copying 1 resource
2015-02-04 10:14:04,241 [Worker-30] INFO  o.e.m.c.i.embedder.EclipseLogger - Using 'UTF-8' encoding to copy filtered resources.
2015-02-04 10:14:04,241 [Worker-30] INFO  o.e.m.c.i.embedder.EclipseLogger - skip non existing resourceDirectory C:\Mifos Automation 28.01.15\MifosTestAutomation\src\main\resources
2015-02-04 10:14:04,241 [Worker-30] INFO  o.e.m.c.i.embedder.EclipseLogger - Using 'UTF-8' encoding to copy filtered resources.
2015-02-04 10:14:04,241 [Worker-30] INFO  o.e.m.c.i.embedder.EclipseLogger - Copying 1 resource
2015-02-04 10:17:14,580 [Worker-29] INFO  o.e.m.c.i.embedder.EclipseLogger - Using 'UTF-8' encoding to copy filtered resources.
2015-02-04 10:17:14,580 [Worker-29] INFO  o.e.m.c.i.embedder.EclipseLogger - skip non existing resourceDirectory C:\Mifos Automation 28.01.15\MifosTestAutomation\src\main\resources
2015-02-04 10:17:14,580 [Worker-29] INFO  o.e.m.c.i.embedder.EclipseLogger - Using 'UTF-8' encoding to copy filtered resources.
2015-02-04 10:17:14,580 [Worker-29] INFO  o.e.m.c.i.embedder.EclipseLogger - Copying 1 resource
2015-02-04 10:17:25,176 [Worker-33] INFO  o.e.m.c.i.embedder.EclipseLogger - Using 'UTF-8' encoding to copy filtered resources.
2015-02-04 10:17:25,176 [Worker-33] INFO  o.e.m.c.i.embedder.EclipseLogger - skip non existing resourceDirectory C:\Mifos Automation 28.01.15\MifosTestAutomation\src\main\resources
2015-02-04 10:17:25,176 [Worker-33] INFO  o.e.m.c.i.embedder.EclipseLogger - Using 'UTF-8' encoding to copy filtered resources.
2015-02-04 10:17:25,191 [Worker-33] INFO  o.e.m.c.i.embedder.EclipseLogger - Copying 4 resources
2015-02-04 10:17:50,069 [Worker-33] INFO  o.e.m.c.i.embedder.EclipseLogger - Using 'UTF-8' encoding to copy filtered resources.
2015-02-04 10:17:50,069 [Worker-33] INFO  o.e.m.c.i.embedder.EclipseLogger - skip non existing resourceDirectory C:\Mifos Automation 28.01.15\MifosTestAutomation\src\main\resources
2015-02-04 10:17:50,069 [Worker-33] INFO  o.e.m.c.i.embedder.EclipseLogger - Using 'UTF-8' encoding to copy filtered resources.
2015-02-04 10:17:50,069 [Worker-33] INFO  o.e.m.c.i.embedder.EclipseLogger - Copying 4 resources
2015-02-04 10:18:08,953 [Worker-32] INFO  o.e.m.c.i.embedder.EclipseLogger - Using 'UTF-8' encoding to copy filtered resources.
2015-02-04 10:18:08,953 [Worker-32] INFO  o.e.m.c.i.embedder.EclipseLogger - skip non existing resourceDirectory C:\Mifos Automation 28.01.15\MifosTestAutomation\src\main\resources
2015-02-04 10:18:08,953 [Worker-32] INFO  o.e.m.c.i.embedder.EclipseLogger - Using 'UTF-8' encoding to copy filtered resources.
2015-02-04 10:18:08,953 [Worker-32] INFO  o.e.m.c.i.embedder.EclipseLogger - Copying 4 resources
2015-02-04 12:46:15,921 [Worker-76] INFO  o.e.m.c.i.embedder.EclipseLogger - Using 'UTF-8' encoding to copy filtered resources.
2015-02-04 12:46:15,923 [Worker-76] INFO  o.e.m.c.i.embedder.EclipseLogger - skip non existing resourceDirectory C:\Mifos Automation 28.01.15\MifosTestAutomation\src\main\resources
2015-02-04 12:46:15,926 [Worker-76] INFO  o.e.m.c.i.embedder.EclipseLogger - Using 'UTF-8' encoding to copy filtered resources.
2015-02-04 12:46:15,927 [Worker-76] INFO  o.e.m.c.i.embedder.EclipseLogger - Copying 1 resource
2015-02-04 12:48:52,796 [Worker-78] INFO  o.e.m.c.i.embedder.EclipseLogger - Using 'UTF-8' encoding to copy filtered resources.
2015-02-04 12:48:52,796 [Worker-78] INFO  o.e.m.c.i.embedder.EclipseLogger - skip non existing resourceDirectory C:\Mifos Automation 28.01.15\MifosTestAutomation\src\main\resources
2015-02-04 12:48:52,799 [Worker-78] INFO  o.e.m.c.i.embedder.EclipseLogger - Using 'UTF-8' encoding to copy filtered resources.
2015-02-04 12:48:52,800 [Worker-78] INFO  o.e.m.c.i.embedder.EclipseLogger - Copying 1 resource
2015-02-04 12:52:48,755 [Worker-70] INFO  o.e.m.c.i.embedder.EclipseLogger - Using 'UTF-8' encoding to copy filtered resources.
2015-02-04 12:52:48,756 [Worker-70] INFO  o.e.m.c.i.embedder.EclipseLogger - skip non existing resourceDirectory C:\Mifos Automation 28.01.15\MifosTestAutomation\src\main\resources
2015-02-04 12:52:48,760 [Worker-70] INFO  o.e.m.c.i.embedder.EclipseLogger - Using 'UTF-8' encoding to copy filtered resources.
2015-02-04 12:52:48,761 [Worker-70] INFO  o.e.m.c.i.embedder.EclipseLogger - Copying 1 resource
2015-02-04 13:12:51,920 [Worker-13] INFO  o.e.m.c.i.embedder.EclipseLogger - Using 'UTF-8' encoding to copy filtered resources.
2015-02-04 13:12:51,920 [Worker-13] INFO  o.e.m.c.i.embedder.EclipseLogger - skip non existing resourceDirectory C:\Mifos Automation 28.01.15\MifosTestAutomation\src\main\resources
2015-02-04 13:12:51,922 [Worker-13] INFO  o.e.m.c.i.embedder.EclipseLogger - Using 'UTF-8' encoding to copy filtered resources.
2015-02-04 13:12:51,923 [Worker-13] INFO  o.e.m.c.i.embedder.EclipseLogger - Copying 1 resource
2015-02-04 13:24:17,276 [Worker-97] INFO  o.e.m.c.i.embedder.EclipseLogger - Using 'UTF-8' encoding to copy filtered resources.
2015-02-04 13:24:17,277 [Worker-97] INFO  o.e.m.c.i.embedder.EclipseLogger - skip non existing resourceDirectory C:\Mifos Automation 28.01.15\MifosTestAutomation\src\main\resources
2015-02-04 13:24:17,280 [Worker-97] INFO  o.e.m.c.i.embedder.EclipseLogger - Using 'UTF-8' encoding to copy filtered resources.
2015-02-04 13:24:17,282 [Worker-97] INFO  o.e.m.c.i.embedder.EclipseLogger - Copying 1 resource
2015-02-04 13:28:17,262 [Worker-104] INFO  o.e.m.c.i.embedder.EclipseLogger - Using 'UTF-8' encoding to copy filtered resources.
2015-02-04 13:28:17,262 [Worker-104] INFO  o.e.m.c.i.embedder.EclipseLogger - skip non existing resourceDirectory C:\Mifos Automation 28.01.15\MifosTestAutomation\src\main\resources
2015-02-04 13:28:17,264 [Worker-104] INFO  o.e.m.c.i.embedder.EclipseLogger - Using 'UTF-8' encoding to copy filtered resources.
2015-02-04 13:28:17,265 [Worker-104] INFO  o.e.m.c.i.embedder.EclipseLogger - Copying 1 resource
2015-02-04 13:28:28,530 [Worker-103] INFO  o.e.m.c.i.embedder.EclipseLogger - Using 'UTF-8' encoding to copy filtered resources.
2015-02-04 13:28:28,530 [Worker-103] INFO  o.e.m.c.i.embedder.EclipseLogger - skip non existing resourceDirectory C:\Mifos Automation 28.01.15\MifosTestAutomation\src\main\resources
2015-02-04 13:28:28,532 [Worker-103] INFO  o.e.m.c.i.embedder.EclipseLogger - Using 'UTF-8' encoding to copy filtered resources.
2015-02-04 13:28:28,533 [Worker-103] INFO  o.e.m.c.i.embedder.EclipseLogger - Copying 1 resource
2015-02-04 13:34:42,560 [Worker-111] INFO  o.e.m.c.i.embedder.EclipseLogger - Using 'UTF-8' encoding to copy filtered resources.
2015-02-04 13:34:42,561 [Worker-111] INFO  o.e.m.c.i.embedder.EclipseLogger - skip non existing resourceDirectory C:\Mifos Automation 28.01.15\MifosTestAutomation\src\main\resources
2015-02-04 13:34:42,564 [Worker-111] INFO  o.e.m.c.i.embedder.EclipseLogger - Using 'UTF-8' encoding to copy filtered resources.
2015-02-04 13:34:42,565 [Worker-111] INFO  o.e.m.c.i.embedder.EclipseLogger - Copying 1 resource
2015-02-04 13:39:56,272 [Worker-76] INFO  o.e.m.c.i.embedder.EclipseLogger - Using 'UTF-8' encoding to copy filtered resources.
2015-02-04 13:39:56,272 [Worker-76] INFO  o.e.m.c.i.embedder.EclipseLogger - skip non existing resourceDirectory C:\Mifos Automation 28.01.15\MifosTestAutomation\src\main\resources
2015-02-04 13:39:56,276 [Worker-76] INFO  o.e.m.c.i.embedder.EclipseLogger - Using 'UTF-8' encoding to copy filtered resources.
2015-02-04 13:39:56,277 [Worker-76] INFO  o.e.m.c.i.embedder.EclipseLogger - Copying 1 resource
2015-02-10 10:14:34,325 [Worker-3] INFO  o.e.m.c.i.embedder.EclipseLogger - Using 'UTF-8' encoding to copy filtered resources.
2015-02-10 10:14:34,342 [Worker-3] INFO  o.e.m.c.i.embedder.EclipseLogger - skip non existing resourceDirectory C:\Mifos Automation 28.01.15\MifosTestAutomation\src\main\resources
2015-02-10 10:14:34,346 [Worker-3] INFO  o.e.m.c.i.embedder.EclipseLogger - Using 'UTF-8' encoding to copy filtered resources.
2015-02-10 10:14:34,366 [Worker-3] INFO  o.e.m.c.i.embedder.EclipseLogger - Copying 4 resources
2015-02-10 10:48:29,955 [Worker-22] INFO  o.e.m.c.i.embedder.EclipseLogger - Using 'UTF-8' encoding to copy filtered resources.
2015-02-10 10:48:29,956 [Worker-22] INFO  o.e.m.c.i.embedder.EclipseLogger - skip non existing resourceDirectory C:\Mifos Automation 28.01.15\MifosTestAutomation\src\main\resources
2015-02-10 10:48:29,959 [Worker-22] INFO  o.e.m.c.i.embedder.EclipseLogger - Using 'UTF-8' encoding to copy filtered resources.
2015-02-10 10:48:29,965 [Worker-22] INFO  o.e.m.c.i.embedder.EclipseLogger - Copying 1 resource
2015-02-10 10:59:33,979 [Worker-35] INFO  o.e.m.c.i.embedder.EclipseLogger - Using 'UTF-8' encoding to copy filtered resources.
2015-02-10 10:59:33,979 [Worker-35] INFO  o.e.m.c.i.embedder.EclipseLogger - skip non existing resourceDirectory C:\Mifos Automation 28.01.15\MifosTestAutomation\src\main\resources
2015-02-10 10:59:33,981 [Worker-35] INFO  o.e.m.c.i.embedder.EclipseLogger - Using 'UTF-8' encoding to copy filtered resources.
2015-02-10 10:59:33,982 [Worker-35] INFO  o.e.m.c.i.embedder.EclipseLogger - Copying 1 resource
2015-02-14 10:42:46,746 [Worker-19] INFO  o.e.m.c.i.embedder.EclipseLogger - Using 'UTF-8' encoding to copy filtered resources.
2015-02-14 10:42:46,770 [Worker-19] INFO  o.e.m.c.i.embedder.EclipseLogger - skip non existing resourceDirectory C:\Mifos Automation 28.01.15\MifosTestAutomation\src\main\resources
2015-02-14 10:42:46,778 [Worker-19] INFO  o.e.m.c.i.embedder.EclipseLogger - Using 'UTF-8' encoding to copy filtered resources.
2015-02-14 10:42:46,800 [Worker-19] INFO  o.e.m.c.i.embedder.EclipseLogger - Copying 4 resources
2015-02-14 10:45:02,441 [Worker-21] INFO  o.e.m.c.i.embedder.EclipseLogger - Using 'UTF-8' encoding to copy filtered resources.
2015-02-14 10:45:02,442 [Worker-21] INFO  o.e.m.c.i.embedder.EclipseLogger - skip non existing resourceDirectory C:\Mifos Automation 28.01.15\MifosTestAutomation\src\main\resources
2015-02-14 10:45:02,445 [Worker-21] INFO  o.e.m.c.i.embedder.EclipseLogger - Using 'UTF-8' encoding to copy filtered resources.
2015-02-14 10:45:02,450 [Worker-21] INFO  o.e.m.c.i.embedder.EclipseLogger - Copying 1 resource
2015-02-14 10:47:12,603 [Worker-28] INFO  o.e.m.c.i.embedder.EclipseLogger - Using 'UTF-8' encoding to copy filtered resources.
2015-02-14 10:47:12,604 [Worker-28] INFO  o.e.m.c.i.embedder.EclipseLogger - skip non existing resourceDirectory C:\Mifos Automation 28.01.15\MifosTestAutomation\src\main\resources
2015-02-14 10:47:12,606 [Worker-28] INFO  o.e.m.c.i.embedder.EclipseLogger - Using 'UTF-8' encoding to copy filtered resources.
2015-02-14 10:47:12,606 [Worker-28] INFO  o.e.m.c.i.embedder.EclipseLogger - Copying 1 resource
2015-02-14 11:03:44,492 [Worker-40] INFO  o.e.m.c.i.embedder.EclipseLogger - Using 'UTF-8' encoding to copy filtered resources.
2015-02-14 11:03:44,493 [Worker-40] INFO  o.e.m.c.i.embedder.EclipseLogger - skip non existing resourceDirectory C:\Mifos Automation 28.01.15\MifosTestAutomation\src\main\resources
2015-02-14 11:03:44,495 [Worker-40] INFO  o.e.m.c.i.embedder.EclipseLogger - Using 'UTF-8' encoding to copy filtered resources.
2015-02-14 11:03:44,496 [Worker-40] INFO  o.e.m.c.i.embedder.EclipseLogger - Copying 1 resource
2015-02-14 11:16:28,876 [Worker-7] INFO  o.e.m.c.i.embedder.EclipseLogger - Using 'UTF-8' encoding to copy filtered resources.
2015-02-14 11:16:28,882 [Worker-7] INFO  o.e.m.c.i.embedder.EclipseLogger - skip non existing resourceDirectory C:\Mifos Automation 28.01.15\MifosTestAutomation\src\main\resources
2015-02-14 11:16:28,885 [Worker-7] INFO  o.e.m.c.i.embedder.EclipseLogger - Using 'UTF-8' encoding to copy filtered resources.
2015-02-14 11:16:28,892 [Worker-7] INFO  o.e.m.c.i.embedder.EclipseLogger - Copying 4 resources
2015-02-14 11:26:52,534 [Worker-7] INFO  o.e.m.c.i.embedder.EclipseLogger - Using 'UTF-8' encoding to copy filtered resources.
2015-02-14 11:26:52,534 [Worker-7] INFO  o.e.m.c.i.embedder.EclipseLogger - skip non existing resourceDirectory C:\Mifos Automation 28.01.15\MifosTestAutomation\src\main\resources
2015-02-14 11:26:52,536 [Worker-7] INFO  o.e.m.c.i.embedder.EclipseLogger - Using 'UTF-8' encoding to copy filtered resources.
2015-02-14 11:26:52,565 [Worker-7] INFO  o.e.m.c.i.embedder.EclipseLogger - Copying 0 resource
2015-02-14 11:34:04,454 [Worker-11] INFO  o.e.m.c.i.embedder.EclipseLogger - Using 'UTF-8' encoding to copy filtered resources.
2015-02-14 11:34:04,454 [Worker-11] INFO  o.e.m.c.i.embedder.EclipseLogger - skip non existing resourceDirectory C:\Mifos Automation 28.01.15\MifosTestAutomation\src\main\resources
2015-02-14 11:34:04,457 [Worker-11] INFO  o.e.m.c.i.embedder.EclipseLogger - Using 'UTF-8' encoding to copy filtered resources.
2015-02-14 11:34:04,460 [Worker-11] INFO  o.e.m.c.i.embedder.EclipseLogger - Copying 1 resource
2015-02-14 11:48:33,677 [Worker-24] INFO  o.e.m.c.i.embedder.EclipseLogger - Using 'UTF-8' encoding to copy filtered resources.
2015-02-14 11:48:33,678 [Worker-24] INFO  o.e.m.c.i.embedder.EclipseLogger - skip non existing resourceDirectory C:\Mifos Automation 28.01.15\MifosTestAutomation\src\main\resources
2015-02-14 11:48:33,680 [Worker-24] INFO  o.e.m.c.i.embedder.EclipseLogger - Using 'UTF-8' encoding to copy filtered resources.
2015-02-14 11:48:33,681 [Worker-24] INFO  o.e.m.c.i.embedder.EclipseLogger - Copying 2 resources
2015-02-14 11:51:43,129 [Worker-27] INFO  o.e.m.c.i.embedder.EclipseLogger - Using 'UTF-8' encoding to copy filtered resources.
2015-02-14 11:51:43,129 [Worker-27] INFO  o.e.m.c.i.embedder.EclipseLogger - skip non existing resourceDirectory C:\Mifos Automation 28.01.15\MifosTestAutomation\src\main\resources
2015-02-14 11:51:43,131 [Worker-27] INFO  o.e.m.c.i.embedder.EclipseLogger - Using 'UTF-8' encoding to copy filtered resources.
2015-02-14 11:51:43,132 [Worker-27] INFO  o.e.m.c.i.embedder.EclipseLogger - Copying 0 resource
2015-02-14 11:57:32,543 [Worker-30] INFO  o.e.m.c.i.embedder.EclipseLogger - Using 'UTF-8' encoding to copy filtered resources.
2015-02-14 11:57:32,544 [Worker-30] INFO  o.e.m.c.i.embedder.EclipseLogger - skip non existing resourceDirectory C:\Mifos Automation 28.01.15\MifosTestAutomation\src\main\resources
2015-02-14 11:57:32,547 [Worker-30] INFO  o.e.m.c.i.embedder.EclipseLogger - Using 'UTF-8' encoding to copy filtered resources.
2015-02-14 11:57:32,548 [Worker-30] INFO  o.e.m.c.i.embedder.EclipseLogger - Copying 1 resource
2015-02-14 12:21:09,996 [Worker-39] INFO  o.e.m.c.i.embedder.EclipseLogger - Using 'UTF-8' encoding to copy filtered resources.
2015-02-14 12:21:09,996 [Worker-39] INFO  o.e.m.c.i.embedder.EclipseLogger - skip non existing resourceDirectory C:\Mifos Automation 28.01.15\MifosTestAutomation\src\main\resources
2015-02-14 12:21:09,998 [Worker-39] INFO  o.e.m.c.i.embedder.EclipseLogger - Using 'UTF-8' encoding to copy filtered resources.
2015-02-14 12:21:09,999 [Worker-39] INFO  o.e.m.c.i.embedder.EclipseLogger - Copying 1 resource
2015-02-14 12:25:29,749 [Worker-42] INFO  o.e.m.c.i.embedder.EclipseLogger - Using 'UTF-8' encoding to copy filtered resources.
2015-02-14 12:25:29,750 [Worker-42] INFO  o.e.m.c.i.embedder.EclipseLogger - skip non existing resourceDirectory C:\Mifos Automation 28.01.15\MifosTestAutomation\src\main\resources
2015-02-14 12:25:29,754 [Worker-42] INFO  o.e.m.c.i.embedder.EclipseLogger - Using 'UTF-8' encoding to copy filtered resources.
2015-02-14 12:25:29,755 [Worker-42] INFO  o.e.m.c.i.embedder.EclipseLogger - Copying 1 resource
2015-02-14 12:34:03,541 [Worker-50] INFO  o.e.m.c.i.embedder.EclipseLogger - Using 'UTF-8' encoding to copy filtered resources.
2015-02-14 12:34:03,541 [Worker-50] INFO  o.e.m.c.i.embedder.EclipseLogger - skip non existing resourceDirectory C:\Mifos Automation 28.01.15\MifosTestAutomation\src\main\resources
2015-02-14 12:34:03,543 [Worker-50] INFO  o.e.m.c.i.embedder.EclipseLogger - Using 'UTF-8' encoding to copy filtered resources.
2015-02-14 12:34:03,544 [Worker-50] INFO  o.e.m.c.i.embedder.EclipseLogger - Copying 1 resource
2015-02-14 12:46:57,473 [Worker-51] INFO  o.e.m.c.i.embedder.EclipseLogger - Using 'UTF-8' encoding to copy filtered resources.
2015-02-14 12:46:57,474 [Worker-51] INFO  o.e.m.c.i.embedder.EclipseLogger - skip non existing resourceDirectory C:\Mifos Automation 28.01.15\MifosTestAutomation\src\main\resources
2015-02-14 12:46:57,477 [Worker-51] INFO  o.e.m.c.i.embedder.EclipseLogger - Using 'UTF-8' encoding to copy filtered resources.
2015-02-14 12:46:57,479 [Worker-51] INFO  o.e.m.c.i.embedder.EclipseLogger - Copying 1 resource
2015-02-14 14:24:04,366 [Worker-80] INFO  o.e.m.c.i.embedder.EclipseLogger - Using 'UTF-8' encoding to copy filtered resources.
2015-02-14 14:24:04,366 [Worker-80] INFO  o.e.m.c.i.embedder.EclipseLogger - skip non existing resourceDirectory C:\Mifos Automation 28.01.15\MifosTestAutomation\src\main\resources
2015-02-14 14:24:04,368 [Worker-80] INFO  o.e.m.c.i.embedder.EclipseLogger - Using 'UTF-8' encoding to copy filtered resources.
2015-02-14 14:24:04,369 [Worker-80] INFO  o.e.m.c.i.embedder.EclipseLogger - Copying 1 resource
2015-02-14 14:28:57,841 [Worker-84] INFO  o.e.m.c.i.embedder.EclipseLogger - Using 'UTF-8' encoding to copy filtered resources.
2015-02-14 14:28:57,842 [Worker-84] INFO  o.e.m.c.i.embedder.EclipseLogger - skip non existing resourceDirectory C:\Mifos Automation 28.01.15\MifosTestAutomation\src\main\resources
2015-02-14 14:28:57,844 [Worker-84] INFO  o.e.m.c.i.embedder.EclipseLogger - Using 'UTF-8' encoding to copy filtered resources.
2015-02-14 14:28:57,844 [Worker-84] INFO  o.e.m.c.i.embedder.EclipseLogger - Copying 1 resource
2015-02-14 14:42:28,759 [Worker-53] INFO  o.e.m.c.i.embedder.EclipseLogger - Using 'UTF-8' encoding to copy filtered resources.
2015-02-14 14:42:28,759 [Worker-53] INFO  o.e.m.c.i.embedder.EclipseLogger - skip non existing resourceDirectory C:\Mifos Automation 28.01.15\MifosTestAutomation\src\main\resources
2015-02-14 14:42:28,763 [Worker-53] INFO  o.e.m.c.i.embedder.EclipseLogger - Using 'UTF-8' encoding to copy filtered resources.
2015-02-14 14:42:28,764 [Worker-53] INFO  o.e.m.c.i.embedder.EclipseLogger - Copying 1 resource
2015-02-16 10:52:56,103 [Worker-13] WARN  o.e.m.c.i.embedder.EclipseLogger - Using platform encoding (Cp1252 actually) to copy filtered resources, i.e. build is platform dependent!
2015-02-16 10:52:56,141 [Worker-13] INFO  o.e.m.c.i.embedder.EclipseLogger - skip non existing resourceDirectory C:\Mifos Automation 28.01.15\MifosTestingFramework\src\main\resources
2015-02-16 10:52:56,145 [Worker-13] WARN  o.e.m.c.i.embedder.EclipseLogger - Using platform encoding (Cp1252 actually) to copy filtered resources, i.e. build is platform dependent!
2015-02-16 10:52:56,147 [Worker-13] INFO  o.e.m.c.i.embedder.EclipseLogger - skip non existing resourceDirectory C:\Mifos Automation 28.01.15\MifosTestingFramework\src\test\resources
2015-02-16 10:53:03,149 [Worker-13] INFO  o.e.m.c.i.embedder.EclipseLogger - Using 'UTF-8' encoding to copy filtered resources.
2015-02-16 10:53:03,150 [Worker-13] INFO  o.e.m.c.i.embedder.EclipseLogger - skip non existing resourceDirectory C:\Mifos Automation 28.01.15\MifosTestAutomation\src\main\resources
2015-02-16 10:53:03,154 [Worker-13] INFO  o.e.m.c.i.embedder.EclipseLogger - Using 'UTF-8' encoding to copy filtered resources.
2015-02-16 10:53:03,167 [Worker-13] INFO  o.e.m.c.i.embedder.EclipseLogger - Copying 5 resources
2015-02-16 10:58:09,300 [Worker-14] INFO  o.e.m.c.i.embedder.EclipseLogger - Using 'UTF-8' encoding to copy filtered resources.
2015-02-16 10:58:09,301 [Worker-14] INFO  o.e.m.c.i.embedder.EclipseLogger - skip non existing resourceDirectory C:\Mifos Automation 28.01.15\MifosTestAutomation\src\main\resources
2015-02-16 10:58:09,303 [Worker-14] INFO  o.e.m.c.i.embedder.EclipseLogger - Using 'UTF-8' encoding to copy filtered resources.
2015-02-16 10:58:09,319 [Worker-14] INFO  o.e.m.c.i.embedder.EclipseLogger - Copying 5 resources
2015-02-16 11:01:05,468 [Worker-15] INFO  o.e.m.c.i.embedder.EclipseLogger - Using 'UTF-8' encoding to copy filtered resources.
2015-02-16 11:01:05,469 [Worker-15] INFO  o.e.m.c.i.embedder.EclipseLogger - skip non existing resourceDirectory C:\Mifos Automation 28.01.15\MifosTestAutomation\src\main\resources
2015-02-16 11:01:05,472 [Worker-15] INFO  o.e.m.c.i.embedder.EclipseLogger - Using 'UTF-8' encoding to copy filtered resources.
2015-02-16 11:01:05,476 [Worker-15] INFO  o.e.m.c.i.embedder.EclipseLogger - Copying 1 resource
2015-02-16 11:03:20,204 [Worker-13] INFO  o.e.m.c.i.embedder.EclipseLogger - Using 'UTF-8' encoding to copy filtered resources.
2015-02-16 11:03:20,204 [Worker-13] INFO  o.e.m.c.i.embedder.EclipseLogger - skip non existing resourceDirectory C:\Mifos Automation 28.01.15\MifosTestAutomation\src\main\resources
2015-02-16 11:03:20,207 [Worker-13] INFO  o.e.m.c.i.embedder.EclipseLogger - Using 'UTF-8' encoding to copy filtered resources.
2015-02-16 11:03:20,209 [Worker-13] INFO  o.e.m.c.i.embedder.EclipseLogger - Copying 1 resource
2015-02-16 11:24:12,543 [Worker-32] INFO  o.e.m.c.i.embedder.EclipseLogger - Using 'UTF-8' encoding to copy filtered resources.
2015-02-16 11:24:12,544 [Worker-32] INFO  o.e.m.c.i.embedder.EclipseLogger - skip non existing resourceDirectory C:\Mifos Automation 28.01.15\MifosTestAutomation\src\main\resources
2015-02-16 11:24:12,549 [Worker-32] INFO  o.e.m.c.i.embedder.EclipseLogger - Using 'UTF-8' encoding to copy filtered resources.
2015-02-16 11:24:12,558 [Worker-32] INFO  o.e.m.c.i.embedder.EclipseLogger - Copying 5 resources
2015-02-16 12:13:28,064 [Worker-52] INFO  o.e.m.c.i.embedder.EclipseLogger - Using 'UTF-8' encoding to copy filtered resources.
2015-02-16 12:13:28,065 [Worker-52] INFO  o.e.m.c.i.embedder.EclipseLogger - skip non existing resourceDirectory C:\Mifos Automation 28.01.15\MifosTestAutomation\src\main\resources
2015-02-16 12:13:28,068 [Worker-52] INFO  o.e.m.c.i.embedder.EclipseLogger - Using 'UTF-8' encoding to copy filtered resources.
2015-02-16 12:13:28,075 [Worker-52] INFO  o.e.m.c.i.embedder.EclipseLogger - Copying 5 resources
2015-02-16 12:41:27,622 [Worker-70] INFO  o.e.m.c.i.embedder.EclipseLogger - Using 'UTF-8' encoding to copy filtered resources.
2015-02-16 12:41:27,623 [Worker-70] INFO  o.e.m.c.i.embedder.EclipseLogger - skip non existing resourceDirectory C:\Mifos Automation 28.01.15\MifosTestAutomation\src\main\resources
2015-02-16 12:41:27,627 [Worker-70] INFO  o.e.m.c.i.embedder.EclipseLogger - Using 'UTF-8' encoding to copy filtered resources.
2015-02-16 12:41:27,628 [Worker-70] INFO  o.e.m.c.i.embedder.EclipseLogger - Copying 1 resource
2015-02-16 13:06:05,179 [Worker-72] INFO  o.e.m.c.i.embedder.EclipseLogger - Using 'UTF-8' encoding to copy filtered resources.
2015-02-16 13:06:05,180 [Worker-72] INFO  o.e.m.c.i.embedder.EclipseLogger - skip non existing resourceDirectory C:\Mifos Automation 28.01.15\MifosTestAutomation\src\main\resources
2015-02-16 13:06:05,181 [Worker-72] INFO  o.e.m.c.i.embedder.EclipseLogger - Using 'UTF-8' encoding to copy filtered resources.
2015-02-16 13:06:05,182 [Worker-72] INFO  o.e.m.c.i.embedder.EclipseLogger - Copying 1 resource
2015-02-16 13:51:31,178 [Worker-95] INFO  o.e.m.c.i.embedder.EclipseLogger - Using 'UTF-8' encoding to copy filtered resources.
2015-02-16 13:51:31,179 [Worker-95] INFO  o.e.m.c.i.embedder.EclipseLogger - skip non existing resourceDirectory C:\Mifos Automation 28.01.15\MifosTestAutomation\src\main\resources
2015-02-16 13:51:31,181 [Worker-95] INFO  o.e.m.c.i.embedder.EclipseLogger - Using 'UTF-8' encoding to copy filtered resources.
2015-02-16 13:51:31,182 [Worker-95] INFO  o.e.m.c.i.embedder.EclipseLogger - Copying 2 resources
2015-02-16 13:54:54,684 [Worker-98] INFO  o.e.m.c.i.embedder.EclipseLogger - Using 'UTF-8' encoding to copy filtered resources.
2015-02-16 13:54:54,684 [Worker-98] INFO  o.e.m.c.i.embedder.EclipseLogger - skip non existing resourceDirectory C:\Mifos Automation 28.01.15\MifosTestAutomation\src\main\resources
2015-02-16 13:54:54,686 [Worker-98] INFO  o.e.m.c.i.embedder.EclipseLogger - Using 'UTF-8' encoding to copy filtered resources.
2015-02-16 13:54:54,687 [Worker-98] INFO  o.e.m.c.i.embedder.EclipseLogger - Copying 1 resource
2015-02-16 14:14:58,982 [Worker-35] INFO  o.e.m.c.i.embedder.EclipseLogger - Using 'UTF-8' encoding to copy filtered resources.
2015-02-16 14:14:58,983 [Worker-35] INFO  o.e.m.c.i.embedder.EclipseLogger - skip non existing resourceDirectory C:\Mifos Automation 28.01.15\MifosTestAutomation\src\main\resources
2015-02-16 14:14:58,985 [Worker-35] INFO  o.e.m.c.i.embedder.EclipseLogger - Using 'UTF-8' encoding to copy filtered resources.
2015-02-16 14:14:58,986 [Worker-35] INFO  o.e.m.c.i.embedder.EclipseLogger - Copying 1 resource
2015-02-16 14:16:52,064 [Worker-35] INFO  o.e.m.c.i.embedder.EclipseLogger - Using 'UTF-8' encoding to copy filtered resources.
2015-02-16 14:16:52,064 [Worker-35] INFO  o.e.m.c.i.embedder.EclipseLogger - skip non existing resourceDirectory C:\Mifos Automation 28.01.15\MifosTestAutomation\src\main\resources
2015-02-16 14:16:52,066 [Worker-35] INFO  o.e.m.c.i.embedder.EclipseLogger - Using 'UTF-8' encoding to copy filtered resources.
2015-02-16 14:16:52,067 [Worker-35] INFO  o.e.m.c.i.embedder.EclipseLogger - Copying 1 resource
2015-02-16 14:17:51,159 [Worker-123] INFO  o.e.m.c.i.e.AbstractTransferListenerAdapter - Downloaded http://ec2-54-247-150-122.eu-west-1.compute.amazonaws.com:8080/archiva/repository/internal/junit/junit/4.11/junit-4.11-sources.jar
2015-02-16 14:17:51,226 [Worker-123] INFO  o.e.m.c.i.e.AbstractTransferListenerAdapter - Downloaded http://repo.bodar.com/junit/junit/4.11/junit-4.11-sources.jar
2015-02-16 14:17:51,855 [Worker-123] INFO  o.e.m.c.i.e.AbstractTransferListenerAdapter - Downloading http://repo.maven.apache.org/maven2/junit/junit/4.11/junit-4.11-sources.jar
2015-02-16 14:17:53,412 [Worker-123] INFO  o.e.m.c.i.e.AbstractTransferListenerAdapter - Downloaded http://repo.maven.apache.org/maven2/junit/junit/4.11/junit-4.11-sources.jar
2015-02-16 14:17:53,999 [Worker-123] INFO  o.e.m.j.internal.DownloadSourcesJob - Downloaded sources for junit:junit:4.11
2015-02-16 14:17:55,861 [Worker-35] INFO  o.e.m.j.internal.DownloadSourcesJob - Downloaded sources for junit:junit:4.11
2015-02-16 14:18:44,072 [Worker-35] INFO  o.e.m.c.i.embedder.EclipseLogger - Using 'UTF-8' encoding to copy filtered resources.
2015-02-16 14:18:44,073 [Worker-35] INFO  o.e.m.c.i.embedder.EclipseLogger - skip non existing resourceDirectory C:\Mifos Automation 28.01.15\MifosTestAutomation\src\main\resources
2015-02-16 14:18:44,075 [Worker-35] INFO  o.e.m.c.i.embedder.EclipseLogger - Using 'UTF-8' encoding to copy filtered resources.
2015-02-16 14:18:44,076 [Worker-35] INFO  o.e.m.c.i.embedder.EclipseLogger - Copying 0 resource
2015-02-16 14:19:57,165 [Worker-122] INFO  o.e.m.c.i.embedder.EclipseLogger - Using 'UTF-8' encoding to copy filtered resources.
2015-02-16 14:19:57,165 [Worker-122] INFO  o.e.m.c.i.embedder.EclipseLogger - skip non existing resourceDirectory C:\Mifos Automation 28.01.15\MifosTestAutomation\src\main\resources
2015-02-16 14:19:57,167 [Worker-122] INFO  o.e.m.c.i.embedder.EclipseLogger - Using 'UTF-8' encoding to copy filtered resources.
2015-02-16 14:19:57,168 [Worker-122] INFO  o.e.m.c.i.embedder.EclipseLogger - Copying 1 resource
2015-02-16 15:05:56,275 [Worker-134] INFO  o.e.m.c.i.embedder.EclipseLogger - Using 'UTF-8' encoding to copy filtered resources.
2015-02-16 15:05:56,276 [Worker-134] INFO  o.e.m.c.i.embedder.EclipseLogger - skip non existing resourceDirectory C:\Mifos Automation 28.01.15\MifosTestAutomation\src\main\resources
2015-02-16 15:05:56,279 [Worker-134] INFO  o.e.m.c.i.embedder.EclipseLogger - Using 'UTF-8' encoding to copy filtered resources.
2015-02-16 15:05:56,280 [Worker-134] INFO  o.e.m.c.i.embedder.EclipseLogger - Copying 1 resource
2015-02-16 15:09:17,447 [Worker-128] INFO  o.e.m.c.i.embedder.EclipseLogger - Using 'UTF-8' encoding to copy filtered resources.
2015-02-16 15:09:17,447 [Worker-128] INFO  o.e.m.c.i.embedder.EclipseLogger - skip non existing resourceDirectory C:\Mifos Automation 28.01.15\MifosTestAutomation\src\main\resources
2015-02-16 15:09:17,451 [Worker-128] INFO  o.e.m.c.i.embedder.EclipseLogger - Using 'UTF-8' encoding to copy filtered resources.
2015-02-16 15:09:17,453 [Worker-128] INFO  o.e.m.c.i.embedder.EclipseLogger - Copying 1 resource
2015-02-16 15:15:25,102 [Worker-128] INFO  o.e.m.c.i.embedder.EclipseLogger - Using 'UTF-8' encoding to copy filtered resources.
2015-02-16 15:15:25,103 [Worker-128] INFO  o.e.m.c.i.embedder.EclipseLogger - skip non existing resourceDirectory C:\Mifos Automation 28.01.15\MifosTestAutomation\src\main\resources
2015-02-16 15:15:25,106 [Worker-128] INFO  o.e.m.c.i.embedder.EclipseLogger - Using 'UTF-8' encoding to copy filtered resources.
2015-02-16 15:15:25,107 [Worker-128] INFO  o.e.m.c.i.embedder.EclipseLogger - Copying 1 resource
2015-02-16 15:25:26,201 [Worker-141] INFO  o.e.m.c.i.embedder.EclipseLogger - Using 'UTF-8' encoding to copy filtered resources.
2015-02-16 15:25:26,202 [Worker-141] INFO  o.e.m.c.i.embedder.EclipseLogger - skip non existing resourceDirectory C:\Mifos Automation 28.01.15\MifosTestAutomation\src\main\resources
2015-02-16 15:25:26,204 [Worker-141] INFO  o.e.m.c.i.embedder.EclipseLogger - Using 'UTF-8' encoding to copy filtered resources.
2015-02-16 15:25:26,205 [Worker-141] INFO  o.e.m.c.i.embedder.EclipseLogger - Copying 1 resource
2015-02-17 10:15:56,034 [Worker-3] INFO  o.e.m.c.i.embedder.EclipseLogger - Using 'UTF-8' encoding to copy filtered resources.
2015-02-17 10:15:56,059 [Worker-3] INFO  o.e.m.c.i.embedder.EclipseLogger - skip non existing resourceDirectory C:\Mifos Automation 28.01.15\MifosTestAutomation\src\main\resources
2015-02-17 10:15:56,063 [Worker-3] INFO  o.e.m.c.i.embedder.EclipseLogger - Using 'UTF-8' encoding to copy filtered resources.
2015-02-17 10:15:56,076 [Worker-3] INFO  o.e.m.c.i.embedder.EclipseLogger - Copying 5 resources
2015-02-17 10:27:11,891 [Worker-20] INFO  o.e.m.c.i.embedder.EclipseLogger - Using 'UTF-8' encoding to copy filtered resources.
2015-02-17 10:27:11,892 [Worker-20] INFO  o.e.m.c.i.embedder.EclipseLogger - skip non existing resourceDirectory C:\Mifos Automation 28.01.15\MifosTestAutomation\src\main\resources
2015-02-17 10:27:11,894 [Worker-20] INFO  o.e.m.c.i.embedder.EclipseLogger - Using 'UTF-8' encoding to copy filtered resources.
2015-02-17 10:27:11,899 [Worker-20] INFO  o.e.m.c.i.embedder.EclipseLogger - Copying 1 resource
2015-02-17 11:39:55,364 [Worker-32] INFO  o.e.m.c.i.embedder.EclipseLogger - Using 'UTF-8' encoding to copy filtered resources.
2015-02-17 11:39:55,365 [Worker-32] INFO  o.e.m.c.i.embedder.EclipseLogger - skip non existing resourceDirectory C:\Mifos Automation 28.01.15\MifosTestAutomation\src\main\resources
2015-02-17 11:39:55,367 [Worker-32] INFO  o.e.m.c.i.embedder.EclipseLogger - Using 'UTF-8' encoding to copy filtered resources.
2015-02-17 11:39:55,368 [Worker-32] INFO  o.e.m.c.i.embedder.EclipseLogger - Copying 1 resource
2015-02-17 11:48:05,907 [Worker-44] INFO  o.e.m.c.i.embedder.EclipseLogger - Using 'UTF-8' encoding to copy filtered resources.
2015-02-17 11:48:05,907 [Worker-44] INFO  o.e.m.c.i.embedder.EclipseLogger - skip non existing resourceDirectory C:\Mifos Automation 28.01.15\MifosTestAutomation\src\main\resources
2015-02-17 11:48:05,909 [Worker-44] INFO  o.e.m.c.i.embedder.EclipseLogger - Using 'UTF-8' encoding to copy filtered resources.
2015-02-17 11:48:05,910 [Worker-44] INFO  o.e.m.c.i.embedder.EclipseLogger - Copying 1 resource
2015-02-17 12:09:20,636 [Worker-66] INFO  o.e.m.c.i.embedder.EclipseLogger - Using 'UTF-8' encoding to copy filtered resources.
2015-02-17 12:09:20,637 [Worker-66] INFO  o.e.m.c.i.embedder.EclipseLogger - skip non existing resourceDirectory C:\Mifos Automation 28.01.15\MifosTestAutomation\src\main\resources
2015-02-17 12:09:20,638 [Worker-66] INFO  o.e.m.c.i.embedder.EclipseLogger - Using 'UTF-8' encoding to copy filtered resources.
2015-02-17 12:09:20,640 [Worker-66] INFO  o.e.m.c.i.embedder.EclipseLogger - Copying 1 resource
2015-02-17 12:30:52,789 [Worker-84] INFO  o.e.m.c.i.embedder.EclipseLogger - Using 'UTF-8' encoding to copy filtered resources.
2015-02-17 12:30:52,790 [Worker-84] INFO  o.e.m.c.i.embedder.EclipseLogger - skip non existing resourceDirectory C:\Mifos Automation 28.01.15\MifosTestAutomation\src\main\resources
2015-02-17 12:30:52,794 [Worker-84] INFO  o.e.m.c.i.embedder.EclipseLogger - Using 'UTF-8' encoding to copy filtered resources.
2015-02-17 12:30:52,797 [Worker-84] INFO  o.e.m.c.i.embedder.EclipseLogger - Copying 1 resource
2015-02-17 12:43:31,516 [Worker-88] INFO  o.e.m.c.i.embedder.EclipseLogger - Using 'UTF-8' encoding to copy filtered resources.
2015-02-17 12:43:31,517 [Worker-88] INFO  o.e.m.c.i.embedder.EclipseLogger - skip non existing resourceDirectory C:\Mifos Automation 28.01.15\MifosTestAutomation\src\main\resources
2015-02-17 12:43:31,519 [Worker-88] INFO  o.e.m.c.i.embedder.EclipseLogger - Using 'UTF-8' encoding to copy filtered resources.
2015-02-17 12:43:31,520 [Worker-88] INFO  o.e.m.c.i.embedder.EclipseLogger - Copying 0 resource
2015-02-17 12:57:17,166 [Worker-101] INFO  o.e.m.c.i.embedder.EclipseLogger - Using 'UTF-8' encoding to copy filtered resources.
2015-02-17 12:57:17,167 [Worker-101] INFO  o.e.m.c.i.embedder.EclipseLogger - skip non existing resourceDirectory C:\Mifos Automation 28.01.15\MifosTestAutomation\src\main\resources
2015-02-17 12:57:17,171 [Worker-101] INFO  o.e.m.c.i.embedder.EclipseLogger - Using 'UTF-8' encoding to copy filtered resources.
2015-02-17 12:57:17,473 [Worker-101] INFO  o.e.m.c.i.embedder.EclipseLogger - Copying 5 resources
2015-02-17 13:04:05,836 [Worker-107] INFO  o.e.m.c.i.embedder.EclipseLogger - Using 'UTF-8' encoding to copy filtered resources.
2015-02-17 13:04:05,837 [Worker-107] INFO  o.e.m.c.i.embedder.EclipseLogger - skip non existing resourceDirectory C:\Mifos Automation 28.01.15\MifosTestAutomation\src\main\resources
2015-02-17 13:04:05,840 [Worker-107] INFO  o.e.m.c.i.embedder.EclipseLogger - Using 'UTF-8' encoding to copy filtered resources.
2015-02-17 13:04:05,841 [Worker-107] INFO  o.e.m.c.i.embedder.EclipseLogger - Copying 1 resource
2015-02-17 13:05:21,474 [Worker-106] INFO  o.e.m.c.i.embedder.EclipseLogger - Using 'UTF-8' encoding to copy filtered resources.
2015-02-17 13:05:21,474 [Worker-106] INFO  o.e.m.c.i.embedder.EclipseLogger - skip non existing resourceDirectory C:\Mifos Automation 28.01.15\MifosTestAutomation\src\main\resources
2015-02-17 13:05:21,477 [Worker-106] INFO  o.e.m.c.i.embedder.EclipseLogger - Using 'UTF-8' encoding to copy filtered resources.
2015-02-17 13:05:21,479 [Worker-106] INFO  o.e.m.c.i.embedder.EclipseLogger - Copying 1 resource
2015-02-17 13:52:01,530 [Worker-130] INFO  o.e.m.c.i.embedder.EclipseLogger - Using 'UTF-8' encoding to copy filtered resources.
2015-02-17 13:52:01,531 [Worker-130] INFO  o.e.m.c.i.embedder.EclipseLogger - skip non existing resourceDirectory C:\Mifos Automation 28.01.15\MifosTestAutomation\src\main\resources
2015-02-17 13:52:01,533 [Worker-130] INFO  o.e.m.c.i.embedder.EclipseLogger - Using 'UTF-8' encoding to copy filtered resources.
2015-02-17 13:52:01,534 [Worker-130] INFO  o.e.m.c.i.embedder.EclipseLogger - Copying 1 resource
2015-02-17 14:51:10,105 [Worker-149] INFO  o.e.m.c.i.embedder.EclipseLogger - Using 'UTF-8' encoding to copy filtered resources.
2015-02-17 14:51:10,106 [Worker-149] INFO  o.e.m.c.i.embedder.EclipseLogger - skip non existing resourceDirectory C:\Mifos Automation 28.01.15\MifosTestAutomation\src\main\resources
2015-02-17 14:51:10,108 [Worker-149] INFO  o.e.m.c.i.embedder.EclipseLogger - Using 'UTF-8' encoding to copy filtered resources.
2015-02-17 14:51:10,109 [Worker-149] INFO  o.e.m.c.i.embedder.EclipseLogger - Copying 0 resource
2015-02-18 09:25:06,588 [Worker-10] INFO  o.e.m.c.i.embedder.EclipseLogger - Using 'UTF-8' encoding to copy filtered resources.
2015-02-18 09:25:06,610 [Worker-10] INFO  o.e.m.c.i.embedder.EclipseLogger - skip non existing resourceDirectory C:\Mifos Automation 28.01.15\MifosTestAutomation\src\main\resources
2015-02-18 09:25:06,615 [Worker-10] INFO  o.e.m.c.i.embedder.EclipseLogger - Using 'UTF-8' encoding to copy filtered resources.
2015-02-18 09:25:06,624 [Worker-10] INFO  o.e.m.c.i.embedder.EclipseLogger - Copying 5 resources
2015-02-18 09:35:38,903 [Worker-4] INFO  o.e.m.c.i.embedder.EclipseLogger - Using 'UTF-8' encoding to copy filtered resources.
2015-02-18 09:35:38,904 [Worker-4] INFO  o.e.m.c.i.embedder.EclipseLogger - skip non existing resourceDirectory C:\Mifos Automation 28.01.15\MifosTestAutomation\src\main\resources
2015-02-18 09:35:38,906 [Worker-4] INFO  o.e.m.c.i.embedder.EclipseLogger - Using 'UTF-8' encoding to copy filtered resources.
2015-02-18 09:35:38,930 [Worker-4] INFO  o.e.m.c.i.embedder.EclipseLogger - Copying 5 resources
2015-02-18 09:36:18,562 [Worker-16] INFO  o.e.m.c.i.embedder.EclipseLogger - Using 'UTF-8' encoding to copy filtered resources.
2015-02-18 09:36:18,562 [Worker-16] INFO  o.e.m.c.i.embedder.EclipseLogger - skip non existing resourceDirectory C:\Mifos Automation 28.01.15\MifosTestAutomation\src\main\resources
2015-02-18 09:36:18,566 [Worker-16] INFO  o.e.m.c.i.embedder.EclipseLogger - Using 'UTF-8' encoding to copy filtered resources.
2015-02-18 09:36:18,572 [Worker-16] INFO  o.e.m.c.i.embedder.EclipseLogger - Copying 5 resources
2015-02-18 12:10:01,104 [Worker-60] INFO  o.e.m.c.i.embedder.EclipseLogger - Using 'UTF-8' encoding to copy filtered resources.
2015-02-18 12:10:01,138 [Worker-60] INFO  o.e.m.c.i.embedder.EclipseLogger - skip non existing resourceDirectory C:\Mifos Automation 28.01.15\MifosTestAutomation\src\main\resources
2015-02-18 12:10:01,141 [Worker-60] INFO  o.e.m.c.i.embedder.EclipseLogger - Using 'UTF-8' encoding to copy filtered resources.
2015-02-18 12:10:01,315 [Worker-60] INFO  o.e.m.c.i.embedder.EclipseLogger - Copying 1 resource
2015-02-19 11:33:26,764 [Worker-8] INFO  o.e.m.c.i.embedder.EclipseLogger - Using 'UTF-8' encoding to copy filtered resources.
2015-02-19 11:33:26,796 [Worker-8] INFO  o.e.m.c.i.embedder.EclipseLogger - skip non existing resourceDirectory C:\Mifos Automation 28.01.15\MifosTestAutomation\src\main\resources
2015-02-19 11:33:26,804 [Worker-8] INFO  o.e.m.c.i.embedder.EclipseLogger - Using 'UTF-8' encoding to copy filtered resources.
2015-02-19 11:33:26,827 [Worker-8] INFO  o.e.m.c.i.embedder.EclipseLogger - Copying 5 resources
2015-02-19 12:27:59,483 [Worker-33] INFO  o.e.m.c.i.embedder.EclipseLogger - Using 'UTF-8' encoding to copy filtered resources.
2015-02-19 12:27:59,484 [Worker-33] INFO  o.e.m.c.i.embedder.EclipseLogger - skip non existing resourceDirectory C:\Mifos Automation 28.01.15\MifosTestAutomation\src\main\resources
2015-02-19 12:27:59,486 [Worker-33] INFO  o.e.m.c.i.embedder.EclipseLogger - Using 'UTF-8' encoding to copy filtered resources.
2015-02-19 12:27:59,492 [Worker-33] INFO  o.e.m.c.i.embedder.EclipseLogger - Copying 1 resource
2015-02-19 12:36:17,880 [Worker-35] INFO  o.e.m.c.i.embedder.EclipseLogger - Using 'UTF-8' encoding to copy filtered resources.
2015-02-19 12:36:17,881 [Worker-35] INFO  o.e.m.c.i.embedder.EclipseLogger - skip non existing resourceDirectory C:\Mifos Automation 28.01.15\MifosTestAutomation\src\main\resources
2015-02-19 12:36:17,883 [Worker-35] INFO  o.e.m.c.i.embedder.EclipseLogger - Using 'UTF-8' encoding to copy filtered resources.
2015-02-19 12:36:17,884 [Worker-35] INFO  o.e.m.c.i.embedder.EclipseLogger - Copying 1 resource
2015-02-19 12:40:30,905 [Worker-29] INFO  o.e.m.c.i.embedder.EclipseLogger - Using 'UTF-8' encoding to copy filtered resources.
2015-02-19 12:40:30,905 [Worker-29] INFO  o.e.m.c.i.embedder.EclipseLogger - skip non existing resourceDirectory C:\Mifos Automation 28.01.15\MifosTestAutomation\src\main\resources
2015-02-19 12:40:30,907 [Worker-29] INFO  o.e.m.c.i.embedder.EclipseLogger - Using 'UTF-8' encoding to copy filtered resources.
2015-02-19 12:40:30,909 [Worker-29] INFO  o.e.m.c.i.embedder.EclipseLogger - Copying 2 resources
2015-02-19 13:02:52,276 [Worker-47] INFO  o.e.m.c.i.embedder.EclipseLogger - Using 'UTF-8' encoding to copy filtered resources.
2015-02-19 13:02:52,277 [Worker-47] INFO  o.e.m.c.i.embedder.EclipseLogger - skip non existing resourceDirectory C:\Mifos Automation 28.01.15\MifosTestAutomation\src\main\resources
2015-02-19 13:02:52,279 [Worker-47] INFO  o.e.m.c.i.embedder.EclipseLogger - Using 'UTF-8' encoding to copy filtered resources.
2015-02-19 13:02:52,280 [Worker-47] INFO  o.e.m.c.i.embedder.EclipseLogger - Copying 0 resource
2015-02-19 13:51:22,568 [Worker-71] INFO  o.e.m.c.i.embedder.EclipseLogger - Using 'UTF-8' encoding to copy filtered resources.
2015-02-19 13:51:22,569 [Worker-71] INFO  o.e.m.c.i.embedder.EclipseLogger - skip non existing resourceDirectory C:\Mifos Automation 28.01.15\MifosTestAutomation\src\main\resources
2015-02-19 13:51:22,572 [Worker-71] INFO  o.e.m.c.i.embedder.EclipseLogger - Using 'UTF-8' encoding to copy filtered resources.
2015-02-19 13:51:22,573 [Worker-71] INFO  o.e.m.c.i.embedder.EclipseLogger - Copying 0 resource
2015-02-19 13:57:35,011 [Worker-76] INFO  o.e.m.c.i.embedder.EclipseLogger - Using 'UTF-8' encoding to copy filtered resources.
2015-02-19 13:57:35,011 [Worker-76] INFO  o.e.m.c.i.embedder.EclipseLogger - skip non existing resourceDirectory C:\Mifos Automation 28.01.15\MifosTestAutomation\src\main\resources
2015-02-19 13:57:35,013 [Worker-76] INFO  o.e.m.c.i.embedder.EclipseLogger - Using 'UTF-8' encoding to copy filtered resources.
2015-02-19 13:57:35,014 [Worker-76] INFO  o.e.m.c.i.embedder.EclipseLogger - Copying 0 resource
2015-02-20 11:51:46,313 [Worker-31] INFO  o.e.m.c.i.embedder.EclipseLogger - Using 'UTF-8' encoding to copy filtered resources.
2015-02-20 11:51:46,351 [Worker-31] INFO  o.e.m.c.i.embedder.EclipseLogger - skip non existing resourceDirectory C:\Mifos Automation 28.01.15\MifosTestAutomation\src\main\resources
2015-02-20 11:51:46,355 [Worker-31] INFO  o.e.m.c.i.embedder.EclipseLogger - Using 'UTF-8' encoding to copy filtered resources.
2015-02-20 11:51:46,377 [Worker-31] INFO  o.e.m.c.i.embedder.EclipseLogger - Copying 5 resources
2015-02-20 11:54:04,889 [Worker-35] INFO  o.e.m.c.i.embedder.EclipseLogger - Using 'UTF-8' encoding to copy filtered resources.
2015-02-20 11:54:04,890 [Worker-35] INFO  o.e.m.c.i.embedder.EclipseLogger - skip non existing resourceDirectory C:\Mifos Automation 28.01.15\MifosTestAutomation\src\main\resources
2015-02-20 11:54:04,893 [Worker-35] INFO  o.e.m.c.i.embedder.EclipseLogger - Using 'UTF-8' encoding to copy filtered resources.
2015-02-20 11:54:04,898 [Worker-35] INFO  o.e.m.c.i.embedder.EclipseLogger - Copying 1 resource
2015-02-20 12:06:25,607 [Worker-42] INFO  o.e.m.c.i.embedder.EclipseLogger - Using 'UTF-8' encoding to copy filtered resources.
2015-02-20 12:06:25,607 [Worker-42] INFO  o.e.m.c.i.embedder.EclipseLogger - skip non existing resourceDirectory C:\Mifos Automation 28.01.15\MifosTestAutomation\src\main\resources
2015-02-20 12:06:25,610 [Worker-42] INFO  o.e.m.c.i.embedder.EclipseLogger - Using 'UTF-8' encoding to copy filtered resources.
2015-02-20 12:06:25,629 [Worker-42] INFO  o.e.m.c.i.embedder.EclipseLogger - Copying 5 resources
2015-02-20 12:16:48,869 [Worker-47] INFO  o.e.m.c.i.embedder.EclipseLogger - Using 'UTF-8' encoding to copy filtered resources.
2015-02-20 12:16:48,869 [Worker-47] INFO  o.e.m.c.i.embedder.EclipseLogger - skip non existing resourceDirectory C:\Mifos Automation 28.01.15\MifosTestAutomation\src\main\resources
2015-02-20 12:16:48,873 [Worker-47] INFO  o.e.m.c.i.embedder.EclipseLogger - Using 'UTF-8' encoding to copy filtered resources.
2015-02-20 12:16:48,879 [Worker-47] INFO  o.e.m.c.i.embedder.EclipseLogger - Copying 5 resources
2015-02-20 12:51:40,215 [Worker-55] INFO  o.e.m.c.i.embedder.EclipseLogger - Using 'UTF-8' encoding to copy filtered resources.
2015-02-20 12:51:40,216 [Worker-55] INFO  o.e.m.c.i.embedder.EclipseLogger - skip non existing resourceDirectory C:\Mifos Automation 28.01.15\MifosTestAutomation\src\main\resources
2015-02-20 12:51:40,218 [Worker-55] INFO  o.e.m.c.i.embedder.EclipseLogger - Using 'UTF-8' encoding to copy filtered resources.
2015-02-20 12:51:40,219 [Worker-55] INFO  o.e.m.c.i.embedder.EclipseLogger - Copying 1 resource
2015-02-20 13:55:23,293 [Worker-75] INFO  o.e.m.c.i.embedder.EclipseLogger - Using 'UTF-8' encoding to copy filtered resources.
2015-02-20 13:55:23,294 [Worker-75] INFO  o.e.m.c.i.embedder.EclipseLogger - skip non existing resourceDirectory C:\Mifos Automation 28.01.15\MifosTestAutomation\src\main\resources
2015-02-20 13:55:23,296 [Worker-75] INFO  o.e.m.c.i.embedder.EclipseLogger - Using 'UTF-8' encoding to copy filtered resources.
2015-02-20 13:55:23,297 [Worker-75] INFO  o.e.m.c.i.embedder.EclipseLogger - Copying 1 resource
2015-02-20 15:05:21,629 [Worker-96] INFO  o.e.m.c.i.embedder.EclipseLogger - Using 'UTF-8' encoding to copy filtered resources.
2015-02-20 15:05:21,631 [Worker-96] INFO  o.e.m.c.i.embedder.EclipseLogger - skip non existing resourceDirectory C:\Mifos Automation 28.01.15\MifosTestAutomation\src\main\resources
2015-02-20 15:05:21,634 [Worker-96] INFO  o.e.m.c.i.embedder.EclipseLogger - Using 'UTF-8' encoding to copy filtered resources.
2015-02-20 15:05:21,636 [Worker-96] INFO  o.e.m.c.i.embedder.EclipseLogger - Copying 1 resource
2015-02-20 15:07:18,565 [Worker-97] INFO  o.e.m.c.i.embedder.EclipseLogger - Using 'UTF-8' encoding to copy filtered resources.
2015-02-20 15:07:18,566 [Worker-97] INFO  o.e.m.c.i.embedder.EclipseLogger - skip non existing resourceDirectory C:\Mifos Automation 28.01.15\MifosTestAutomation\src\main\resources
2015-02-20 15:07:18,568 [Worker-97] INFO  o.e.m.c.i.embedder.EclipseLogger - Using 'UTF-8' encoding to copy filtered resources.
2015-02-20 15:07:18,569 [Worker-97] INFO  o.e.m.c.i.embedder.EclipseLogger - Copying 1 resource
2015-02-21 10:08:08,829 [Worker-10] INFO  o.e.m.c.i.embedder.EclipseLogger - Using 'UTF-8' encoding to copy filtered resources.
2015-02-21 10:08:08,891 [Worker-10] INFO  o.e.m.c.i.embedder.EclipseLogger - skip non existing resourceDirectory C:\Mifos Automation 28.01.15\MifosTestAutomation\src\main\resources
2015-02-21 10:08:08,891 [Worker-10] INFO  o.e.m.c.i.embedder.EclipseLogger - Using 'UTF-8' encoding to copy filtered resources.
2015-02-21 10:08:08,907 [Worker-10] INFO  o.e.m.c.i.embedder.EclipseLogger - Copying 5 resources
2015-02-21 10:26:26,380 [Worker-20] INFO  o.e.m.c.i.embedder.EclipseLogger - Using 'UTF-8' encoding to copy filtered resources.
2015-02-21 10:26:26,380 [Worker-20] INFO  o.e.m.c.i.embedder.EclipseLogger - skip non existing resourceDirectory C:\Mifos Automation 28.01.15\MifosTestAutomation\src\main\resources
2015-02-21 10:26:26,396 [Worker-20] INFO  o.e.m.c.i.embedder.EclipseLogger - Using 'UTF-8' encoding to copy filtered resources.
2015-02-21 10:26:26,411 [Worker-20] INFO  o.e.m.c.i.embedder.EclipseLogger - Copying 5 resources
2015-02-24 09:42:19,697 [Worker-17] INFO  o.e.m.c.i.embedder.EclipseLogger - Using 'UTF-8' encoding to copy filtered resources.
2015-02-24 09:42:19,728 [Worker-17] INFO  o.e.m.c.i.embedder.EclipseLogger - skip non existing resourceDirectory C:\Mifos Automation 28.01.15\MifosTestAutomation\src\main\resources
2015-02-24 09:42:19,732 [Worker-17] INFO  o.e.m.c.i.embedder.EclipseLogger - Using 'UTF-8' encoding to copy filtered resources.
2015-02-24 09:42:19,757 [Worker-17] INFO  o.e.m.c.i.embedder.EclipseLogger - Copying 5 resources
2015-02-24 09:45:08,551 [Worker-16] INFO  o.e.m.c.i.embedder.EclipseLogger - Using 'UTF-8' encoding to copy filtered resources.
2015-02-24 09:45:08,552 [Worker-16] INFO  o.e.m.c.i.embedder.EclipseLogger - skip non existing resourceDirectory C:\Mifos Automation 28.01.15\MifosTestAutomation\src\main\resources
2015-02-24 09:45:08,556 [Worker-16] INFO  o.e.m.c.i.embedder.EclipseLogger - Using 'UTF-8' encoding to copy filtered resources.
2015-02-24 09:45:08,570 [Worker-16] INFO  o.e.m.c.i.embedder.EclipseLogger - Copying 1 resource
2015-02-24 09:49:39,145 [Worker-16] INFO  o.e.m.c.i.embedder.EclipseLogger - Using 'UTF-8' encoding to copy filtered resources.
2015-02-24 09:49:39,145 [Worker-16] INFO  o.e.m.c.i.embedder.EclipseLogger - skip non existing resourceDirectory C:\Mifos Automation 28.01.15\MifosTestAutomation\src\main\resources
2015-02-24 09:49:39,149 [Worker-16] INFO  o.e.m.c.i.embedder.EclipseLogger - Using 'UTF-8' encoding to copy filtered resources.
2015-02-24 09:49:39,165 [Worker-16] INFO  o.e.m.c.i.embedder.EclipseLogger - Copying 5 resources
2015-02-24 10:14:28,043 [Worker-28] INFO  o.e.m.c.i.embedder.EclipseLogger - Using 'UTF-8' encoding to copy filtered resources.
2015-02-24 10:14:28,043 [Worker-28] INFO  o.e.m.c.i.embedder.EclipseLogger - skip non existing resourceDirectory C:\Mifos Automation 28.01.15\MifosTestAutomation\src\main\resources
2015-02-24 10:14:28,043 [Worker-28] INFO  o.e.m.c.i.embedder.EclipseLogger - Using 'UTF-8' encoding to copy filtered resources.
2015-02-24 10:14:28,043 [Worker-28] INFO  o.e.m.c.i.embedder.EclipseLogger - Copying 1 resource
2015-02-24 10:18:48,892 [Worker-33] INFO  o.e.m.c.i.embedder.EclipseLogger - Using 'UTF-8' encoding to copy filtered resources.
2015-02-24 10:18:48,892 [Worker-33] INFO  o.e.m.c.i.embedder.EclipseLogger - skip non existing resourceDirectory C:\Mifos Automation 28.01.15\MifosTestAutomation\src\main\resources
2015-02-24 10:18:48,892 [Worker-33] INFO  o.e.m.c.i.embedder.EclipseLogger - Using 'UTF-8' encoding to copy filtered resources.
2015-02-24 10:18:48,892 [Worker-33] INFO  o.e.m.c.i.embedder.EclipseLogger - Copying 0 resource
2015-02-24 11:15:09,959 [Worker-43] INFO  o.e.m.c.i.embedder.EclipseLogger - Using 'UTF-8' encoding to copy filtered resources.
2015-02-24 11:15:09,959 [Worker-43] INFO  o.e.m.c.i.embedder.EclipseLogger - skip non existing resourceDirectory C:\Mifos Automation 28.01.15\MifosTestAutomation\src\main\resources
2015-02-24 11:15:09,959 [Worker-43] INFO  o.e.m.c.i.embedder.EclipseLogger - Using 'UTF-8' encoding to copy filtered resources.
2015-02-24 11:15:09,959 [Worker-43] INFO  o.e.m.c.i.embedder.EclipseLogger - Copying 1 resource
2015-02-27 16:14:49,325 [Worker-0] WARN  o.e.m.c.i.embedder.EclipseLogger - Using platform encoding (Cp1252 actually) to copy filtered resources, i.e. build is platform dependent!
2015-02-27 16:14:49,341 [Worker-0] INFO  o.e.m.c.i.embedder.EclipseLogger - skip non existing resourceDirectory C:\Mifos Automation 28.01.15\MifosTestingFramework\src\main\resources
2015-02-27 16:14:49,341 [Worker-0] WARN  o.e.m.c.i.embedder.EclipseLogger - Using platform encoding (Cp1252 actually) to copy filtered resources, i.e. build is platform dependent!
2015-02-27 16:14:49,341 [Worker-0] INFO  o.e.m.c.i.embedder.EclipseLogger - skip non existing resourceDirectory C:\Mifos Automation 28.01.15\MifosTestingFramework\src\test\resources
2015-02-27 16:14:54,932 [Worker-0] INFO  o.e.m.c.i.embedder.EclipseLogger - Using 'UTF-8' encoding to copy filtered resources.
2015-02-27 16:14:54,932 [Worker-0] INFO  o.e.m.c.i.embedder.EclipseLogger - skip non existing resourceDirectory C:\Mifos Automation 28.01.15\MifosTestAutomation\src\main\resources
2015-02-27 16:14:54,932 [Worker-0] INFO  o.e.m.c.i.embedder.EclipseLogger - Using 'UTF-8' encoding to copy filtered resources.
2015-02-27 16:14:54,963 [Worker-0] INFO  o.e.m.c.i.embedder.EclipseLogger - Copying 5 resources
2015-02-27 17:05:32,739 [Worker-21] INFO  o.e.m.c.i.embedder.EclipseLogger - Using 'UTF-8' encoding to copy filtered resources.
2015-02-27 17:05:32,739 [Worker-21] INFO  o.e.m.c.i.embedder.EclipseLogger - skip non existing resourceDirectory C:\Mifos Automation 28.01.15\MifosTestAutomation\src\main\resources
2015-02-27 17:05:32,739 [Worker-21] INFO  o.e.m.c.i.embedder.EclipseLogger - Using 'UTF-8' encoding to copy filtered resources.
2015-02-27 17:05:32,786 [Worker-21] INFO  o.e.m.c.i.embedder.EclipseLogger - Copying 2 resources
2015-02-27 17:23:13,057 [Worker-22] INFO  o.e.m.c.i.embedder.EclipseLogger - Using 'UTF-8' encoding to copy filtered resources.
2015-02-27 17:23:13,057 [Worker-22] INFO  o.e.m.c.i.embedder.EclipseLogger - skip non existing resourceDirectory C:\Mifos Automation 28.01.15\MifosTestAutomation\src\main\resources
2015-02-27 17:23:13,073 [Worker-22] INFO  o.e.m.c.i.embedder.EclipseLogger - Using 'UTF-8' encoding to copy filtered resources.
2015-02-27 17:23:13,073 [Worker-22] INFO  o.e.m.c.i.embedder.EclipseLogger - Copying 1 resource
2015-02-27 18:02:26,395 [Worker-41] INFO  o.e.m.c.i.embedder.EclipseLogger - Using 'UTF-8' encoding to copy filtered resources.
2015-02-27 18:02:26,395 [Worker-41] INFO  o.e.m.c.i.embedder.EclipseLogger - skip non existing resourceDirectory C:\Mifos Automation 28.01.15\MifosTestAutomation\src\main\resources
2015-02-27 18:02:26,395 [Worker-41] INFO  o.e.m.c.i.embedder.EclipseLogger - Using 'UTF-8' encoding to copy filtered resources.
2015-02-27 18:02:26,395 [Worker-41] INFO  o.e.m.c.i.embedder.EclipseLogger - Copying 1 resource
2015-02-27 18:15:36,242 [Worker-59] INFO  o.e.m.c.i.embedder.EclipseLogger - Using 'UTF-8' encoding to copy filtered resources.
2015-02-27 18:15:36,242 [Worker-59] INFO  o.e.m.c.i.embedder.EclipseLogger - skip non existing resourceDirectory C:\Mifos Automation 28.01.15\MifosTestAutomation\src\main\resources
2015-02-27 18:15:36,257 [Worker-59] INFO  o.e.m.c.i.embedder.EclipseLogger - Using 'UTF-8' encoding to copy filtered resources.
2015-02-27 18:15:36,257 [Worker-59] INFO  o.e.m.c.i.embedder.EclipseLogger - Copying 2 resources
2015-02-28 16:14:39,551 [Worker-78] INFO  o.e.m.c.i.embedder.EclipseLogger - Using 'UTF-8' encoding to copy filtered resources.
2015-02-28 16:14:39,563 [Worker-78] INFO  o.e.m.c.i.embedder.EclipseLogger - skip non existing resourceDirectory C:\Mifos Automation 28.01.15\MifosTestAutomation\src\main\resources
2015-02-28 16:14:39,571 [Worker-78] INFO  o.e.m.c.i.embedder.EclipseLogger - Using 'UTF-8' encoding to copy filtered resources.
2015-02-28 16:14:39,594 [Worker-78] INFO  o.e.m.c.i.embedder.EclipseLogger - Copying 5 resources
2015-02-28 16:21:17,801 [Worker-98] INFO  o.e.m.c.i.embedder.EclipseLogger - Using 'UTF-8' encoding to copy filtered resources.
2015-02-28 16:21:17,803 [Worker-98] INFO  o.e.m.c.i.embedder.EclipseLogger - skip non existing resourceDirectory C:\Mifos Automation 28.01.15\MifosTestAutomation\src\main\resources
2015-02-28 16:21:17,805 [Worker-98] INFO  o.e.m.c.i.embedder.EclipseLogger - Using 'UTF-8' encoding to copy filtered resources.
2015-02-28 16:21:17,812 [Worker-98] INFO  o.e.m.c.i.embedder.EclipseLogger - Copying 1 resource
2015-02-28 16:52:02,896 [Worker-113] INFO  o.e.m.c.i.embedder.EclipseLogger - Using 'UTF-8' encoding to copy filtered resources.
2015-02-28 16:52:02,896 [Worker-113] INFO  o.e.m.c.i.embedder.EclipseLogger - skip non existing resourceDirectory C:\Mifos Automation 28.01.15\MifosTestAutomation\src\main\resources
2015-02-28 16:52:02,899 [Worker-113] INFO  o.e.m.c.i.embedder.EclipseLogger - Using 'UTF-8' encoding to copy filtered resources.
2015-02-28 16:52:02,900 [Worker-113] INFO  o.e.m.c.i.embedder.EclipseLogger - Copying 1 resource
2015-02-28 17:09:52,190 [Worker-124] INFO  o.e.m.c.i.embedder.EclipseLogger - Using 'UTF-8' encoding to copy filtered resources.
2015-02-28 17:09:52,191 [Worker-124] INFO  o.e.m.c.i.embedder.EclipseLogger - skip non existing resourceDirectory C:\Mifos Automation 28.01.15\MifosTestAutomation\src\main\resources
2015-02-28 17:09:52,193 [Worker-124] INFO  o.e.m.c.i.embedder.EclipseLogger - Using 'UTF-8' encoding to copy filtered resources.
2015-02-28 17:09:52,194 [Worker-124] INFO  o.e.m.c.i.embedder.EclipseLogger - Copying 1 resource
2015-02-28 17:41:50,947 [Worker-151] INFO  o.e.m.c.i.embedder.EclipseLogger - Using 'UTF-8' encoding to copy filtered resources.
2015-02-28 17:41:50,947 [Worker-151] INFO  o.e.m.c.i.embedder.EclipseLogger - skip non existing resourceDirectory C:\Mifos Automation 28.01.15\MifosTestAutomation\src\main\resources
2015-02-28 17:41:50,949 [Worker-151] INFO  o.e.m.c.i.embedder.EclipseLogger - Using 'UTF-8' encoding to copy filtered resources.
2015-02-28 17:41:50,970 [Worker-151] INFO  o.e.m.c.i.embedder.EclipseLogger - Copying 5 resources
2015-02-28 17:43:29,163 [Worker-151] INFO  o.e.m.c.i.embedder.EclipseLogger - Using 'UTF-8' encoding to copy filtered resources.
2015-02-28 17:43:29,164 [Worker-151] INFO  o.e.m.c.i.embedder.EclipseLogger - skip non existing resourceDirectory C:\Mifos Automation 28.01.15\MifosTestAutomation\src\main\resources
2015-02-28 17:43:29,167 [Worker-151] INFO  o.e.m.c.i.embedder.EclipseLogger - Using 'UTF-8' encoding to copy filtered resources.
2015-02-28 17:43:29,172 [Worker-151] INFO  o.e.m.c.i.embedder.EclipseLogger - Copying 5 resources
2015-02-28 17:44:20,200 [Worker-119] INFO  o.e.m.c.i.embedder.EclipseLogger - Using 'UTF-8' encoding to copy filtered resources.
2015-02-28 17:44:20,200 [Worker-119] INFO  o.e.m.c.i.embedder.EclipseLogger - skip non existing resourceDirectory C:\Mifos Automation 28.01.15\MifosTestAutomation\src\main\resources
2015-02-28 17:44:20,203 [Worker-119] INFO  o.e.m.c.i.embedder.EclipseLogger - Using 'UTF-8' encoding to copy filtered resources.
2015-02-28 17:44:20,208 [Worker-119] INFO  o.e.m.c.i.embedder.EclipseLogger - Copying 5 resources
2015-02-28 17:45:14,040 [Worker-119] INFO  o.e.m.c.i.embedder.EclipseLogger - Using 'UTF-8' encoding to copy filtered resources.
2015-02-28 17:45:14,040 [Worker-119] INFO  o.e.m.c.i.embedder.EclipseLogger - skip non existing resourceDirectory C:\Mifos Automation 28.01.15\MifosTestAutomation\src\main\resources
2015-02-28 17:45:14,045 [Worker-119] INFO  o.e.m.c.i.embedder.EclipseLogger - Using 'UTF-8' encoding to copy filtered resources.
2015-02-28 17:45:14,051 [Worker-119] INFO  o.e.m.c.i.embedder.EclipseLogger - Copying 5 resources
2015-02-28 17:57:15,065 [Worker-156] INFO  o.e.m.c.i.embedder.EclipseLogger - Using 'UTF-8' encoding to copy filtered resources.
2015-02-28 17:57:15,065 [Worker-156] INFO  o.e.m.c.i.embedder.EclipseLogger - skip non existing resourceDirectory C:\Mifos Automation 28.01.15\MifosTestAutomation\src\main\resources
2015-02-28 17:57:15,067 [Worker-156] INFO  o.e.m.c.i.embedder.EclipseLogger - Using 'UTF-8' encoding to copy filtered resources.
2015-02-28 17:57:15,071 [Worker-156] INFO  o.e.m.c.i.embedder.EclipseLogger - Copying 5 resources
2015-02-28 18:01:13,648 [Worker-158] INFO  o.e.m.c.i.embedder.EclipseLogger - Using 'UTF-8' encoding to copy filtered resources.
2015-02-28 18:01:13,648 [Worker-158] INFO  o.e.m.c.i.embedder.EclipseLogger - skip non existing resourceDirectory C:\Mifos Automation 28.01.15\MifosTestAutomation\src\main\resources
2015-02-28 18:01:13,651 [Worker-158] INFO  o.e.m.c.i.embedder.EclipseLogger - Using 'UTF-8' encoding to copy filtered resources.
2015-02-28 18:01:13,656 [Worker-158] INFO  o.e.m.c.i.embedder.EclipseLogger - Copying 5 resources
2015-02-28 18:07:40,206 [Worker-158] INFO  o.e.m.c.i.embedder.EclipseLogger - Using 'UTF-8' encoding to copy filtered resources.
2015-02-28 18:07:40,206 [Worker-158] INFO  o.e.m.c.i.embedder.EclipseLogger - skip non existing resourceDirectory C:\Mifos Automation 28.01.15\MifosTestAutomation\src\main\resources
2015-02-28 18:07:40,208 [Worker-158] INFO  o.e.m.c.i.embedder.EclipseLogger - Using 'UTF-8' encoding to copy filtered resources.
2015-02-28 18:07:40,209 [Worker-158] INFO  o.e.m.c.i.embedder.EclipseLogger - Copying 1 resource
2015-02-28 18:09:30,071 [Worker-136] INFO  o.e.m.c.i.embedder.EclipseLogger - Using 'UTF-8' encoding to copy filtered resources.
2015-02-28 18:09:30,072 [Worker-136] INFO  o.e.m.c.i.embedder.EclipseLogger - skip non existing resourceDirectory C:\Mifos Automation 28.01.15\MifosTestAutomation\src\main\resources
2015-02-28 18:09:30,074 [Worker-136] INFO  o.e.m.c.i.embedder.EclipseLogger - Using 'UTF-8' encoding to copy filtered resources.
2015-02-28 18:09:30,075 [Worker-136] INFO  o.e.m.c.i.embedder.EclipseLogger - Copying 1 resource
2015-02-28 19:00:32,684 [Worker-176] INFO  o.e.m.c.i.embedder.EclipseLogger - Using 'UTF-8' encoding to copy filtered resources.
2015-02-28 19:00:32,685 [Worker-176] INFO  o.e.m.c.i.embedder.EclipseLogger - skip non existing resourceDirectory C:\Mifos Automation 28.01.15\MifosTestAutomation\src\main\resources
2015-02-28 19:00:32,687 [Worker-176] INFO  o.e.m.c.i.embedder.EclipseLogger - Using 'UTF-8' encoding to copy filtered resources.
2015-02-28 19:00:32,688 [Worker-176] INFO  o.e.m.c.i.embedder.EclipseLogger - Copying 1 resource
2015-02-28 19:06:15,648 [Worker-182] INFO  o.e.m.c.i.embedder.EclipseLogger - Using 'UTF-8' encoding to copy filtered resources.
2015-02-28 19:06:15,649 [Worker-182] INFO  o.e.m.c.i.embedder.EclipseLogger - skip non existing resourceDirectory C:\Mifos Automation 28.01.15\MifosTestAutomation\src\main\resources
2015-02-28 19:06:15,652 [Worker-182] INFO  o.e.m.c.i.embedder.EclipseLogger - Using 'UTF-8' encoding to copy filtered resources.
2015-02-28 19:06:15,653 [Worker-182] INFO  o.e.m.c.i.embedder.EclipseLogger - Copying 1 resource
2015-02-28 20:01:26,848 [Worker-208] INFO  o.e.m.c.i.embedder.EclipseLogger - Using 'UTF-8' encoding to copy filtered resources.
2015-02-28 20:01:26,849 [Worker-208] INFO  o.e.m.c.i.embedder.EclipseLogger - skip non existing resourceDirectory C:\Mifos Automation 28.01.15\MifosTestAutomation\src\main\resources
2015-02-28 20:01:26,852 [Worker-208] INFO  o.e.m.c.i.embedder.EclipseLogger - Using 'UTF-8' encoding to copy filtered resources.
2015-02-28 20:01:26,853 [Worker-208] INFO  o.e.m.c.i.embedder.EclipseLogger - Copying 1 resource
2015-02-28 20:16:38,984 [Worker-211] INFO  o.e.m.c.i.embedder.EclipseLogger - Using 'UTF-8' encoding to copy filtered resources.
2015-02-28 20:16:38,985 [Worker-211] INFO  o.e.m.c.i.embedder.EclipseLogger - skip non existing resourceDirectory C:\Mifos Automation 28.01.15\MifosTestAutomation\src\main\resources
2015-02-28 20:16:38,990 [Worker-211] INFO  o.e.m.c.i.embedder.EclipseLogger - Using 'UTF-8' encoding to copy filtered resources.
2015-02-28 20:16:38,991 [Worker-211] INFO  o.e.m.c.i.embedder.EclipseLogger - Copying 1 resource
2015-03-02 09:33:45,509 [Worker-4] WARN  o.e.m.c.i.embedder.EclipseLogger - Using platform encoding (Cp1252 actually) to copy filtered resources, i.e. build is platform dependent!
2015-03-02 09:33:45,524 [Worker-4] INFO  o.e.m.c.i.embedder.EclipseLogger - skip non existing resourceDirectory C:\Mifos Automation 28.01.15\MifosTestingFramework\src\main\resources
2015-03-02 09:33:45,540 [Worker-4] WARN  o.e.m.c.i.embedder.EclipseLogger - Using platform encoding (Cp1252 actually) to copy filtered resources, i.e. build is platform dependent!
2015-03-02 09:33:45,540 [Worker-4] INFO  o.e.m.c.i.embedder.EclipseLogger - skip non existing resourceDirectory C:\Mifos Automation 28.01.15\MifosTestingFramework\src\test\resources
2015-03-02 09:33:51,353 [Worker-4] INFO  o.e.m.c.i.embedder.EclipseLogger - Using 'UTF-8' encoding to copy filtered resources.
2015-03-02 09:33:51,353 [Worker-4] INFO  o.e.m.c.i.embedder.EclipseLogger - skip non existing resourceDirectory C:\Mifos Automation 28.01.15\MifosTestAutomation\src\main\resources
2015-03-02 09:33:51,353 [Worker-4] INFO  o.e.m.c.i.embedder.EclipseLogger - Using 'UTF-8' encoding to copy filtered resources.
2015-03-02 09:33:51,369 [Worker-4] INFO  o.e.m.c.i.embedder.EclipseLogger - Copying 5 resources
2015-03-02 10:37:19,140 [Worker-8] WARN  o.e.m.c.i.embedder.EclipseLogger - Using platform encoding (Cp1252 actually) to copy filtered resources, i.e. build is platform dependent!
2015-03-02 10:37:19,147 [Worker-8] INFO  o.e.m.c.i.embedder.EclipseLogger - skip non existing resourceDirectory C:\Mifos Automation 28.01.15\MifosTestingFramework\src\main\resources
2015-03-02 10:37:19,152 [Worker-8] WARN  o.e.m.c.i.embedder.EclipseLogger - Using platform encoding (Cp1252 actually) to copy filtered resources, i.e. build is platform dependent!
2015-03-02 10:37:19,153 [Worker-8] INFO  o.e.m.c.i.embedder.EclipseLogger - skip non existing resourceDirectory C:\Mifos Automation 28.01.15\MifosTestingFramework\src\test\resources
2015-03-02 10:37:24,728 [Worker-8] INFO  o.e.m.c.i.embedder.EclipseLogger - Using 'UTF-8' encoding to copy filtered resources.
2015-03-02 10:37:24,728 [Worker-8] INFO  o.e.m.c.i.embedder.EclipseLogger - skip non existing resourceDirectory C:\Mifos Automation 28.01.15\MifosTestAutomation\src\main\resources
2015-03-02 10:37:24,730 [Worker-8] INFO  o.e.m.c.i.embedder.EclipseLogger - Using 'UTF-8' encoding to copy filtered resources.
2015-03-02 10:37:24,737 [Worker-8] INFO  o.e.m.c.i.embedder.EclipseLogger - Copying 5 resources
2015-03-02 13:21:48,792 [Worker-61] INFO  o.e.m.c.i.embedder.EclipseLogger - Using 'UTF-8' encoding to copy filtered resources.
2015-03-02 13:21:48,920 [Worker-61] INFO  o.e.m.c.i.embedder.EclipseLogger - skip non existing resourceDirectory C:\Mifos Automation 28.01.15\MifosTestAutomation\src\main\resources
2015-03-02 13:21:48,925 [Worker-61] INFO  o.e.m.c.i.embedder.EclipseLogger - Using 'UTF-8' encoding to copy filtered resources.
2015-03-02 13:21:49,317 [Worker-61] INFO  o.e.m.c.i.embedder.EclipseLogger - Copying 1 resource
2015-03-02 15:02:31,765 [Worker-100] INFO  o.e.m.c.i.embedder.EclipseLogger - Using 'UTF-8' encoding to copy filtered resources.
2015-03-02 15:02:31,777 [Worker-100] INFO  o.e.m.c.i.embedder.EclipseLogger - skip non existing resourceDirectory C:\Mifos Automation 28.01.15\MifosTestAutomation\src\main\resources
2015-03-02 15:02:31,795 [Worker-100] INFO  o.e.m.c.i.embedder.EclipseLogger - Using 'UTF-8' encoding to copy filtered resources.
2015-03-02 15:02:31,796 [Worker-100] INFO  o.e.m.c.i.embedder.EclipseLogger - Copying 1 resource
2015-03-05 09:31:27,233 [Worker-5] WARN  o.e.m.c.i.embedder.EclipseLogger - Using platform encoding (Cp1252 actually) to copy filtered resources, i.e. build is platform dependent!
2015-03-05 09:31:27,252 [Worker-5] INFO  o.e.m.c.i.embedder.EclipseLogger - skip non existing resourceDirectory C:\Mifos Automation 28.01.15\MifosTestingFramework\src\main\resources
2015-03-05 09:31:27,256 [Worker-5] WARN  o.e.m.c.i.embedder.EclipseLogger - Using platform encoding (Cp1252 actually) to copy filtered resources, i.e. build is platform dependent!
2015-03-05 09:31:27,258 [Worker-5] INFO  o.e.m.c.i.embedder.EclipseLogger - skip non existing resourceDirectory C:\Mifos Automation 28.01.15\MifosTestingFramework\src\test\resources
2015-03-05 09:31:33,058 [Worker-5] INFO  o.e.m.c.i.embedder.EclipseLogger - Using 'UTF-8' encoding to copy filtered resources.
2015-03-05 09:31:33,058 [Worker-5] INFO  o.e.m.c.i.embedder.EclipseLogger - skip non existing resourceDirectory C:\Mifos Automation 28.01.15\MifosTestAutomation\src\main\resources
2015-03-05 09:31:33,060 [Worker-5] INFO  o.e.m.c.i.embedder.EclipseLogger - Using 'UTF-8' encoding to copy filtered resources.
2015-03-05 09:31:33,074 [Worker-5] INFO  o.e.m.c.i.embedder.EclipseLogger - Copying 5 resources
2015-03-05 09:38:23,643 [Worker-3] INFO  o.e.m.c.i.embedder.EclipseLogger - Using 'UTF-8' encoding to copy filtered resources.
2015-03-05 09:38:23,645 [Worker-3] INFO  o.e.m.c.i.embedder.EclipseLogger - skip non existing resourceDirectory C:\Mifos Automation 28.01.15\MifosTestAutomation\src\main\resources
2015-03-05 09:38:23,648 [Worker-3] INFO  o.e.m.c.i.embedder.EclipseLogger - Using 'UTF-8' encoding to copy filtered resources.
2015-03-05 09:38:23,655 [Worker-3] INFO  o.e.m.c.i.embedder.EclipseLogger - Copying 2 resources
